#
# There is insufficient memory for the Java Runtime Environment to continue.
# Native memory allocation (malloc) failed to allocate 1293264 bytes. Error detail: Chunk::new
# Possible reasons:
#   The system is out of physical RAM or swap space
#   This process is running with CompressedOops enabled, and the Java Heap may be blocking the growth of the native heap
# Possible solutions:
#   Reduce memory load on the system
#   Increase physical memory or swap space
#   Check if swap backing store is full
#   Decrease Java heap size (-Xmx/-Xms)
#   Decrease number of Java threads
#   Decrease Java thread stack sizes (-Xss)
#   Set larger code cache with -XX:ReservedCodeCacheSize=
#   JVM is running with Unscaled Compressed Oops mode in which the Java heap is
#     placed in the first 4GB address space. The Java Heap base address is the
#     maximum limit for the native heap growth. Please use -XX:HeapBaseMinAddress
#     to set the Java Heap base and to place the Java Heap above 4GB virtual address.
# This output file may be truncated or incomplete.
#
#  Out of Memory Error (arena.cpp:168), pid=14576, tid=20468
#
# JRE version: OpenJDK Runtime Environment Temurin-21.0.10+7 (21.0.10+7) (build 21.0.10+7-LTS)
# Java VM: OpenJDK 64-Bit Server VM Temurin-21.0.10+7 (21.0.10+7-LTS, mixed mode, sharing, tiered, compressed oops, compressed class ptrs, parallel gc, windows-amd64)
# No core dump will be written. Minidumps are not enabled by default on client versions of Windows
#

---------------  S U M M A R Y ------------

Command Line: --add-modules=ALL-SYSTEM --add-opens=java.base/java.util=ALL-UNNAMED --add-opens=java.base/java.lang=ALL-UNNAMED --add-opens=java.base/sun.nio.fs=ALL-UNNAMED -Declipse.application=org.eclipse.jdt.ls.core.id1 -Dosgi.bundles.defaultStartLevel=4 -Declipse.product=org.eclipse.jdt.ls.core.product -Djava.import.generatesMetadataFilesAtProjectRoot=false -DDetectVMInstallationsJob.disabled=true -Dfile.encoding=utf8 -XX:+UseParallelGC -XX:GCTimeRatio=4 -XX:AdaptiveSizePolicyWeight=90 -Dsun.zip.disableMemoryMapping=true -Xmx2G -Xms100m -Xlog:disable -javaagent:c:\Users\AORUS\.vscode\extensions\redhat.java-1.53.0-win32-x64\lombok\lombok-1.18.39-4050.jar -XX:+HeapDumpOnOutOfMemoryError -XX:HeapDumpPath=c:\Users\AORUS\AppData\Roaming\Code\User\workspaceStorage\25615c588b25ddd3c41bca7e527f8edc\redhat.java -Daether.dependencyCollector.impl=bf c:\Users\AORUS\.vscode\extensions\redhat.java-1.53.0-win32-x64\server\plugins\org.eclipse.equinox.launcher_1.7.100.v20251111-0406.jar -configuration c:\Users\AORUS\AppData\Roaming\Code\User\globalStorage\redhat.java\1.53.0\config_win -data c:\Users\AORUS\AppData\Roaming\Code\User\workspaceStorage\25615c588b25ddd3c41bca7e527f8edc\redhat.java\jdt_ws --pipe=\\.\pipe\lsp-f5248b365c4f505f5789221bc1646765-sock

Host: Intel(R) Core(TM) i3-7100U CPU @ 2.40GHz, 4 cores, 7G,  Windows 11 , 64 bit Build 26100 (10.0.26100.7920)
Time: Tue Mar 31 10:20:31 2026 elapsed time: 69.475249 seconds (0d 0h 1m 9s)

---------------  T H R E A D  ---------------

Current thread (0x000001e20b0dcb40):  JavaThread "C2 CompilerThread1" daemon [_thread_in_native, id=20468, stack(0x000000407c300000,0x000000407c400000) (1024K)]


Current CompileTask:
C2:69475 13610       4       java.lang.invoke.MethodType::makeImpl (109 bytes)

Stack: [0x000000407c300000,0x000000407c400000]
Native frames: (J=compiled Java code, j=interpreted, Vv=VM code, C=native code)
V  [jvm.dll+0x6d7a39]
V  [jvm.dll+0x8b4b26]
V  [jvm.dll+0x8b70de]
V  [jvm.dll+0x8b77c3]
V  [jvm.dll+0x284346]
V  [jvm.dll+0xc66ed]
V  [jvm.dll+0xc6c31]
V  [jvm.dll+0x3bec3b]
V  [jvm.dll+0x1e3d62]
V  [jvm.dll+0x24c6b3]
V  [jvm.dll+0x24bb40]
V  [jvm.dll+0x1cb34e]
V  [jvm.dll+0x25b85d]
V  [jvm.dll+0x259dea]
V  [jvm.dll+0x3f857e]
V  [jvm.dll+0x85f59d]
V  [jvm.dll+0x6d626d]
C  [ucrtbase.dll+0x37b0]
C  [KERNEL32.DLL+0x2e8d7]
C  [ntdll.dll+0x8c48c]


---------------  P R O C E S S  ---------------

Threads class SMR info:
_java_thread_list=0x000001e208006d50, length=48, elements={
0x000001e1aaa8e770, 0x000001e1aab4b580, 0x000001e1c1480770, 0x000001e1c1484560,
0x000001e1c14851c0, 0x000001e1c148ff60, 0x000001e1c14909c0, 0x000001e1c1493810,
0x000001e1c1503900, 0x000001e2032671e0, 0x000001e2033da1f0, 0x000001e208067a10,
0x000001e2080347c0, 0x000001e208077500, 0x000001e2037f80d0, 0x000001e203d07190,
0x000001e203d07820, 0x000001e203d06b00, 0x000001e203d06470, 0x000001e203446750,
0x000001e203447b00, 0x000001e203446de0, 0x000001e203447470, 0x000001e2034460c0,
0x000001e203448820, 0x000001e2034453a0, 0x000001e203448eb0, 0x000001e203445a30,
0x000001e20344c9c0, 0x000001e20344c330, 0x000001e20344b610, 0x000001e20344a8f0,
0x000001e203449bd0, 0x000001e20344a260, 0x000001e20a610110, 0x000001e20a60f3f0,
0x000001e20a6114c0, 0x000001e20a611b50, 0x000001e20a60e6d0, 0x000001e20a60ed60,
0x000001e20a612870, 0x000001e20a613590, 0x000001e20a615660, 0x000001e20a6142b0,
0x000001e20a614940, 0x000001e216c12170, 0x000001e216c10dc0, 0x000001e20b0dcb40
}

Java Threads: ( => current thread )
  0x000001e1aaa8e770 JavaThread "main"                              [_thread_blocked, id=18696, stack(0x0000004079100000,0x0000004079200000) (1024K)]
  0x000001e1aab4b580 JavaThread "Reference Handler"          daemon [_thread_blocked, id=13300, stack(0x0000004079500000,0x0000004079600000) (1024K)]
  0x000001e1c1480770 JavaThread "Finalizer"                  daemon [_thread_blocked, id=3860, stack(0x0000004079600000,0x0000004079700000) (1024K)]
  0x000001e1c1484560 JavaThread "Signal Dispatcher"          daemon [_thread_blocked, id=18660, stack(0x0000004079700000,0x0000004079800000) (1024K)]
  0x000001e1c14851c0 JavaThread "Attach Listener"            daemon [_thread_blocked, id=15932, stack(0x0000004079800000,0x0000004079900000) (1024K)]
  0x000001e1c148ff60 JavaThread "Service Thread"             daemon [_thread_blocked, id=15356, stack(0x0000004079900000,0x0000004079a00000) (1024K)]
  0x000001e1c14909c0 JavaThread "Monitor Deflation Thread"   daemon [_thread_blocked, id=3140, stack(0x0000004079a00000,0x0000004079b00000) (1024K)]
  0x000001e1c1493810 JavaThread "C2 CompilerThread0"         daemon [_thread_in_native, id=10704, stack(0x0000004079b00000,0x0000004079c00000) (1024K)]
  0x000001e1c1503900 JavaThread "C1 CompilerThread0"         daemon [_thread_blocked, id=12352, stack(0x0000004079c00000,0x0000004079d00000) (1024K)]
  0x000001e2032671e0 JavaThread "Common-Cleaner"             daemon [_thread_blocked, id=16872, stack(0x0000004079d00000,0x0000004079e00000) (1024K)]
  0x000001e2033da1f0 JavaThread "Notification Thread"        daemon [_thread_blocked, id=13608, stack(0x0000004079e00000,0x0000004079f00000) (1024K)]
  0x000001e208067a10 JavaThread "Active Thread: Equinox Container: 13bafe4c-cb7d-4738-8634-81344b4982a8"        [_thread_blocked, id=8236, stack(0x000000407a600000,0x000000407a700000) (1024K)]
  0x000001e2080347c0 JavaThread "Framework Event Dispatcher: Equinox Container: 13bafe4c-cb7d-4738-8634-81344b4982a8" daemon [_thread_blocked, id=19608, stack(0x000000407a700000,0x000000407a800000) (1024K)]
  0x000001e208077500 JavaThread "Start Level: Equinox Container: 13bafe4c-cb7d-4738-8634-81344b4982a8" daemon [_thread_blocked, id=3720, stack(0x000000407a800000,0x000000407a900000) (1024K)]
  0x000001e2037f80d0 JavaThread "Bundle File Closer"         daemon [_thread_blocked, id=10876, stack(0x000000407a900000,0x000000407aa00000) (1024K)]
  0x000001e203d07190 JavaThread "Refresh Thread: Equinox Container: 13bafe4c-cb7d-4738-8634-81344b4982a8" daemon [_thread_blocked, id=2424, stack(0x000000407aa00000,0x000000407ab00000) (1024K)]
  0x000001e203d07820 JavaThread "SCR Component Actor"        daemon [_thread_blocked, id=12032, stack(0x000000407ab00000,0x000000407ac00000) (1024K)]
  0x000001e203d06b00 JavaThread "Worker-JM"                         [_thread_blocked, id=1084, stack(0x000000407ac00000,0x000000407ad00000) (1024K)]
  0x000001e203d06470 JavaThread "Worker-0: Check JDK Index"         [_thread_blocked, id=20212, stack(0x000000407ad00000,0x000000407ae00000) (1024K)]
  0x000001e203446750 JavaThread "Worker-1: Initialize workspace"        [_thread_in_native, id=2360, stack(0x000000407ae00000,0x000000407af00000) (1024K)]
  0x000001e203447b00 JavaThread "Worker-2"                          [_thread_blocked, id=7980, stack(0x0000004079f00000,0x000000407a000000) (1024K)]
  0x000001e203446de0 JavaThread "Worker-3"                          [_thread_blocked, id=4688, stack(0x000000407a300000,0x000000407a400000) (1024K)]
  0x000001e203447470 JavaThread "Java indexing"              daemon [_thread_in_Java, id=13484, stack(0x000000407a500000,0x000000407a600000) (1024K)]
  0x000001e2034460c0 JavaThread "Worker-4"                          [_thread_blocked, id=12508, stack(0x000000407af00000,0x000000407b000000) (1024K)]
  0x000001e203448820 JavaThread "JNA Cleaner"                daemon [_thread_blocked, id=13520, stack(0x000000407b000000,0x000000407b100000) (1024K)]
  0x000001e2034453a0 JavaThread "Worker-5: Java indexing... "        [_thread_blocked, id=18424, stack(0x000000407b300000,0x000000407b400000) (1024K)]
  0x000001e203448eb0 JavaThread "Thread-1"                   daemon [_thread_in_native, id=14148, stack(0x000000407b400000,0x000000407b500000) (1024K)]
  0x000001e203445a30 JavaThread "Thread-2"                   daemon [_thread_in_native, id=7148, stack(0x000000407b500000,0x000000407b600000) (1024K)]
  0x000001e20344c9c0 JavaThread "Thread-3"                   daemon [_thread_in_native, id=3112, stack(0x000000407b600000,0x000000407b700000) (1024K)]
  0x000001e20344c330 JavaThread "Thread-4"                   daemon [_thread_in_native, id=14788, stack(0x000000407b700000,0x000000407b800000) (1024K)]
  0x000001e20344b610 JavaThread "Thread-5"                   daemon [_thread_in_native, id=18964, stack(0x000000407b800000,0x000000407b900000) (1024K)]
  0x000001e20344a8f0 JavaThread "pool-2-thread-1"                   [_thread_blocked, id=15924, stack(0x000000407b900000,0x000000407ba00000) (1024K)]
  0x000001e203449bd0 JavaThread "WorkspaceEventsHandler"            [_thread_blocked, id=13236, stack(0x000000407bb00000,0x000000407bc00000) (1024K)]
  0x000001e20344a260 JavaThread "pool-1-thread-1"                   [_thread_blocked, id=19524, stack(0x000000407bc00000,0x000000407bd00000) (1024K)]
  0x000001e20a610110 JavaThread "Worker-6"                          [_thread_blocked, id=1544, stack(0x000000407bd00000,0x000000407be00000) (1024K)]
  0x000001e20a60f3f0 JavaThread "LocalFile Deleter"          daemon [_thread_blocked, id=8676, stack(0x000000407a400000,0x000000407a500000) (1024K)]
  0x000001e20a6114c0 JavaThread "LocalFile Deleter"          daemon [_thread_blocked, id=11212, stack(0x000000407be00000,0x000000407bf00000) (1024K)]
  0x000001e20a611b50 JavaThread "LocalFile Deleter"          daemon [_thread_blocked, id=17224, stack(0x000000407bf00000,0x000000407c000000) (1024K)]
  0x000001e20a60e6d0 JavaThread "LocalFile Deleter"          daemon [_thread_blocked, id=13260, stack(0x000000407c000000,0x000000407c100000) (1024K)]
  0x000001e20a60ed60 JavaThread "Compiler Source File Reader" daemon [_thread_blocked, id=1964, stack(0x000000407c100000,0x000000407c200000) (1024K)]
  0x000001e20a612870 JavaThread "Compiler Source File Reader" daemon [_thread_blocked, id=16528, stack(0x000000407c200000,0x000000407c300000) (1024K)]
  0x000001e20a613590 JavaThread "Compiler Processing Task"   daemon [_thread_blocked, id=11556, stack(0x000000407c400000,0x000000407c500000) (1024K)]
  0x000001e20a615660 JavaThread "Compiler Class File Writer" daemon [_thread_blocked, id=8796, stack(0x000000407c500000,0x000000407c600000) (1024K)]
  0x000001e20a6142b0 JavaThread "Compiler Class File Writer" daemon [_thread_blocked, id=4532, stack(0x000000407c600000,0x000000407c700000) (1024K)]
  0x000001e20a614940 JavaThread "ForkJoinPool.commonPool-worker-1" daemon [_thread_blocked, id=6204, stack(0x000000407c700000,0x000000407c800000) (1024K)]
  0x000001e216c12170 JavaThread "ForkJoinPool.commonPool-worker-2" daemon [_thread_blocked, id=12956, stack(0x0000004078f00000,0x0000004079000000) (1024K)]
  0x000001e216c10dc0 JavaThread "ForkJoinPool.commonPool-worker-3" daemon [_thread_in_vm, id=12204, stack(0x0000004079000000,0x0000004079100000) (1024K)]
=>0x000001e20b0dcb40 JavaThread "C2 CompilerThread1"         daemon [_thread_in_native, id=20468, stack(0x000000407c300000,0x000000407c400000) (1024K)]
Total: 48

Other Threads:
  0x000001e1aab30900 VMThread "VM Thread"                           [id=15620, stack(0x0000004079400000,0x0000004079500000) (1024K)]
  0x000001e1c141ca00 WatcherThread "VM Periodic Task Thread"        [id=20660, stack(0x0000004079300000,0x0000004079400000) (1024K)]
  0x000001e1aaaaddc0 WorkerThread "GC Thread#0"                     [id=21116, stack(0x0000004079200000,0x0000004079300000) (1024K)]
  0x000001e203b80300 WorkerThread "GC Thread#1"                     [id=12228, stack(0x000000407a000000,0x000000407a100000) (1024K)]
  0x000001e203b806b0 WorkerThread "GC Thread#2"                     [id=11316, stack(0x000000407a100000,0x000000407a200000) (1024K)]
  0x000001e203b80a60 WorkerThread "GC Thread#3"                     [id=10092, stack(0x000000407a200000,0x000000407a300000) (1024K)]
Total: 6

Threads with active compile tasks:
C2 CompilerThread0  69535 13687       4       java.lang.reflect.Field::get (39 bytes)
C2 CompilerThread1  69535 13610       4       java.lang.invoke.MethodType::makeImpl (109 bytes)
Total: 2

VM state: not at safepoint (normal execution)

VM Mutex/Monitor currently owned by a thread: None

Heap address: 0x0000000080000000, size: 2048 MB, Compressed Oops mode: 32-bit

CDS archive(s) mapped at: [0x000001e1c2000000-0x000001e1c2ba0000-0x000001e1c2ba0000), size 12189696, SharedBaseAddress: 0x000001e1c2000000, ArchiveRelocationMode: 1.
Compressed class space mapped at: 0x000001e1c3000000-0x000001e203000000, reserved size: 1073741824
Narrow klass base: 0x000001e1c2000000, Narrow klass shift: 0, Narrow klass range: 0x100000000

GC Precious Log:
 CardTable entry size: 512
 CPUs: 4 total, 4 available
 Memory: 8086M
 Large Page Support: Disabled
 NUMA Support: Disabled
 Compressed Oops: Enabled (32-bit)
 Alignments: Space 512K, Generation 512K, Heap 2M
 Heap Min Capacity: 100M
 Heap Initial Capacity: 100M
 Heap Max Capacity: 2G
 Pre-touch: Disabled
 Parallel Workers: 4

Heap:
 PSYoungGen      total 19968K, used 16419K [0x00000000d5580000, 0x00000000d6b80000, 0x0000000100000000)
  eden space 18432K, 81% used [0x00000000d5580000,0x00000000d643cec8,0x00000000d6780000)
  from space 1536K, 86% used [0x00000000d6880000,0x00000000d69cbdd0,0x00000000d6a00000)
  to   space 1536K, 0% used [0x00000000d6a00000,0x00000000d6a00000,0x00000000d6b80000)
 ParOldGen       total 68608K, used 63730K [0x0000000080000000, 0x0000000084300000, 0x00000000d5580000)
  object space 68608K, 92% used [0x0000000080000000,0x0000000083e3c878,0x0000000084300000)
 Metaspace       used 74550K, committed 76224K, reserved 1179648K
  class space    used 7909K, committed 8704K, reserved 1048576K

Card table byte_map: [0x000001e1aa430000,0x000001e1aa840000] _byte_map_base: 0x000001e1aa030000

Marking Bits: (ParMarkBitMap*) 0x00007ffe23a53450
 Begin Bits: [0x000001e1bcf40000, 0x000001e1bef40000)
 End Bits:   [0x000001e1bef40000, 0x000001e1c0f40000)

Polling page: 0x000001e1a8a60000

Metaspace:

Usage:
  Non-class:     65.08 MB used.
      Class:      7.72 MB used.
       Both:     72.80 MB used.

Virtual space:
  Non-class space:      128.00 MB reserved,      65.94 MB ( 52%) committed,  2 nodes.
      Class space:        1.00 GB reserved,       8.50 MB ( <1%) committed,  1 nodes.
             Both:        1.12 GB reserved,      74.44 MB (  6%) committed. 

Chunk freelists:
   Non-Class:  13.23 MB
       Class:  7.55 MB
        Both:  20.78 MB

MaxMetaspaceSize: unlimited
CompressedClassSpaceSize: 1.00 GB
Initial GC threshold: 21.00 MB
Current GC threshold: 97.31 MB
CDS: on
 - commit_granule_bytes: 65536.
 - commit_granule_words: 8192.
 - virtual_space_node_default_size: 8388608.
 - enlarge_chunks_in_place: 1.
 - use_allocation_guard: 0.


Internal statistics:

num_allocs_failed_limit: 9.
num_arena_births: 1300.
num_arena_deaths: 24.
num_vsnodes_births: 3.
num_vsnodes_deaths: 0.
num_space_committed: 1191.
num_space_uncommitted: 0.
num_chunks_returned_to_freelist: 37.
num_chunks_taken_from_freelist: 4635.
num_chunk_merges: 16.
num_chunk_splits: 2843.
num_chunks_enlarged: 1622.
num_inconsistent_stats: 0.

CodeHeap 'non-profiled nmethods': size=120000Kb used=9412Kb max_used=9412Kb free=110587Kb
 bounds [0x000001e1b5760000, 0x000001e1b60a0000, 0x000001e1bcc90000]
CodeHeap 'profiled nmethods': size=120000Kb used=29561Kb max_used=29561Kb free=90438Kb
 bounds [0x000001e1adc90000, 0x000001e1af970000, 0x000001e1b51c0000]
CodeHeap 'non-nmethods': size=5760Kb used=1490Kb max_used=1599Kb free=4269Kb
 bounds [0x000001e1b51c0000, 0x000001e1b5430000, 0x000001e1b5760000]
CodeCache: size=245760Kb, used=40463Kb, max_used=40572Kb, free=205294Kb
 total_blobs=13613, nmethods=12800, adapters=717, full_count=0
Compilation: enabled, stopped_count=0, restarted_count=0

Compilation events (20 events):
Event: 69.390 Thread 0x000001e1c1503900 13696       3       org.eclipse.jdt.internal.compiler.classfmt.MethodInfo::isClinit (8 bytes)
Event: 69.390 Thread 0x000001e1c1503900 nmethod 13696 0x000001e1af960210 code [0x000001e1af9603c0, 0x000001e1af960678]
Event: 69.398 Thread 0x000001e1c1503900 13698       3       org.eclipse.jdt.internal.core.search.indexing.BinaryIndexer::addTypeReference (92 bytes)
Event: 69.399 Thread 0x000001e1c1503900 nmethod 13698 0x000001e1af960790 code [0x000001e1af9609e0, 0x000001e1af961438]
Event: 69.407 Thread 0x000001e1c1503900 13699       3       org.eclipse.jdt.core.compiler.CharOperation::concat (71 bytes)
Event: 69.408 Thread 0x000001e1c1503900 nmethod 13699 0x000001e1af961810 code [0x000001e1af961a00, 0x000001e1af961e80]
Event: 69.413 Thread 0x000001e1c1503900 13700       3       org.eclipse.jdt.internal.compiler.util.JrtFileSystem::getClassfileContent (71 bytes)
Event: 69.414 Thread 0x000001e1c1503900 nmethod 13700 0x000001e1af962010 code [0x000001e1af9621e0, 0x000001e1af9625b0]
Event: 69.414 Thread 0x000001e1c1503900 13701       3       org.eclipse.jdt.internal.core.index.Index::remove (9 bytes)
Event: 69.415 Thread 0x000001e1c1503900 nmethod 13701 0x000001e1af962790 code [0x000001e1af962960, 0x000001e1af962be8]
Event: 69.415 Thread 0x000001e1c1503900 13702       3       org.eclipse.jdt.internal.core.index.MemoryIndex::remove (32 bytes)
Event: 69.415 Thread 0x000001e1c1503900 nmethod 13702 0x000001e1af962d10 code [0x000001e1af962ee0, 0x000001e1af963100]
Event: 69.415 Thread 0x000001e1c1503900 13703       3       org.eclipse.jdt.internal.compiler.util.JRTUtil::getClassfileContent (7 bytes)
Event: 69.416 Thread 0x000001e1c1503900 nmethod 13703 0x000001e1af963210 code [0x000001e1af9633c0, 0x000001e1af963570]
Event: 69.434 Thread 0x000001e1c1503900 13705       3       org.eclipse.jdt.internal.core.search.indexing.BinaryIndexer::extractClassName (42 bytes)
Event: 69.435 Thread 0x000001e1c1503900 nmethod 13705 0x000001e1af963690 code [0x000001e1af963860, 0x000001e1af963e58]
Event: 69.443 Thread 0x000001e1c1503900 13706       3       org.eclipse.jdt.internal.compiler.classfmt.ClassFileReader::isStaticInner (63 bytes)
Event: 69.444 Thread 0x000001e1c1503900 nmethod 13706 0x000001e1af964110 code [0x000001e1af964300, 0x000001e1af9647f8]
Event: 69.463 Thread 0x000001e1c1503900 13707       3       org.eclipse.jdt.internal.core.search.matching.SuperTypeReferencePattern::createIndexKey (619 bytes)
Event: 69.466 Thread 0x000001e1c1503900 nmethod 13707 0x000001e1af964990 code [0x000001e1af964d40, 0x000001e1af966aa0]

GC Heap History (20 events):
Event: 57.759 GC heap before
{Heap before GC invocations=55 (full 3):
 PSYoungGen      total 19456K, used 19439K [0x00000000d5580000, 0x00000000d6d80000, 0x0000000100000000)
  eden space 18432K, 100% used [0x00000000d5580000,0x00000000d6780000,0x00000000d6780000)
  from space 1024K, 98% used [0x00000000d6880000,0x00000000d697bd80,0x00000000d6980000)
  to   space 3072K, 0% used [0x00000000d6a80000,0x00000000d6a80000,0x00000000d6d80000)
 ParOldGen       total 68608K, used 52109K [0x0000000080000000, 0x0000000084300000, 0x00000000d5580000)
  object space 68608K, 75% used [0x0000000080000000,0x00000000832e35f0,0x0000000084300000)
 Metaspace       used 68477K, committed 69952K, reserved 1114112K
  class space    used 7408K, committed 8064K, reserved 1048576K
}
Event: 57.764 GC heap after
{Heap after GC invocations=55 (full 3):
 PSYoungGen      total 20480K, used 1594K [0x00000000d5580000, 0x00000000d6c80000, 0x0000000100000000)
  eden space 18432K, 0% used [0x00000000d5580000,0x00000000d5580000,0x00000000d6780000)
  from space 2048K, 77% used [0x00000000d6a80000,0x00000000d6c0e960,0x00000000d6c80000)
  to   space 2048K, 0% used [0x00000000d6880000,0x00000000d6880000,0x00000000d6a80000)
 ParOldGen       total 68608K, used 53107K [0x0000000080000000, 0x0000000084300000, 0x00000000d5580000)
  object space 68608K, 77% used [0x0000000080000000,0x00000000833dce80,0x0000000084300000)
 Metaspace       used 68477K, committed 69952K, reserved 1114112K
  class space    used 7408K, committed 8064K, reserved 1048576K
}
Event: 58.096 GC heap before
{Heap before GC invocations=56 (full 3):
 PSYoungGen      total 20480K, used 20026K [0x00000000d5580000, 0x00000000d6c80000, 0x0000000100000000)
  eden space 18432K, 100% used [0x00000000d5580000,0x00000000d6780000,0x00000000d6780000)
  from space 2048K, 77% used [0x00000000d6a80000,0x00000000d6c0e960,0x00000000d6c80000)
  to   space 2048K, 0% used [0x00000000d6880000,0x00000000d6880000,0x00000000d6a80000)
 ParOldGen       total 68608K, used 53107K [0x0000000080000000, 0x0000000084300000, 0x00000000d5580000)
  object space 68608K, 77% used [0x0000000080000000,0x00000000833dce80,0x0000000084300000)
 Metaspace       used 68633K, committed 70208K, reserved 1114112K
  class space    used 7425K, committed 8128K, reserved 1048576K
}
Event: 58.102 GC heap after
{Heap after GC invocations=56 (full 3):
 PSYoungGen      total 19456K, used 886K [0x00000000d5580000, 0x00000000d6b00000, 0x0000000100000000)
  eden space 18432K, 0% used [0x00000000d5580000,0x00000000d5580000,0x00000000d6780000)
  from space 1024K, 86% used [0x00000000d6880000,0x00000000d695da38,0x00000000d6980000)
  to   space 1536K, 0% used [0x00000000d6980000,0x00000000d6980000,0x00000000d6b00000)
 ParOldGen       total 68608K, used 54650K [0x0000000080000000, 0x0000000084300000, 0x00000000d5580000)
  object space 68608K, 79% used [0x0000000080000000,0x000000008355e998,0x0000000084300000)
 Metaspace       used 68633K, committed 70208K, reserved 1114112K
  class space    used 7425K, committed 8128K, reserved 1048576K
}
Event: 58.438 GC heap before
{Heap before GC invocations=57 (full 3):
 PSYoungGen      total 19456K, used 19318K [0x00000000d5580000, 0x00000000d6b00000, 0x0000000100000000)
  eden space 18432K, 100% used [0x00000000d5580000,0x00000000d6780000,0x00000000d6780000)
  from space 1024K, 86% used [0x00000000d6880000,0x00000000d695da38,0x00000000d6980000)
  to   space 1536K, 0% used [0x00000000d6980000,0x00000000d6980000,0x00000000d6b00000)
 ParOldGen       total 68608K, used 54650K [0x0000000080000000, 0x0000000084300000, 0x00000000d5580000)
  object space 68608K, 79% used [0x0000000080000000,0x000000008355e998,0x0000000084300000)
 Metaspace       used 68917K, committed 70464K, reserved 1114112K
  class space    used 7454K, committed 8128K, reserved 1048576K
}
Event: 58.442 GC heap after
{Heap after GC invocations=57 (full 3):
 PSYoungGen      total 19968K, used 1047K [0x00000000d5580000, 0x00000000d6b00000, 0x0000000100000000)
  eden space 18432K, 0% used [0x00000000d5580000,0x00000000d5580000,0x00000000d6780000)
  from space 1536K, 68% used [0x00000000d6980000,0x00000000d6a85da0,0x00000000d6b00000)
  to   space 1536K, 0% used [0x00000000d6800000,0x00000000d6800000,0x00000000d6980000)
 ParOldGen       total 68608K, used 55464K [0x0000000080000000, 0x0000000084300000, 0x00000000d5580000)
  object space 68608K, 80% used [0x0000000080000000,0x000000008362a3d0,0x0000000084300000)
 Metaspace       used 68917K, committed 70464K, reserved 1114112K
  class space    used 7454K, committed 8128K, reserved 1048576K
}
Event: 58.719 GC heap before
{Heap before GC invocations=58 (full 3):
 PSYoungGen      total 19968K, used 19479K [0x00000000d5580000, 0x00000000d6b00000, 0x0000000100000000)
  eden space 18432K, 100% used [0x00000000d5580000,0x00000000d6780000,0x00000000d6780000)
  from space 1536K, 68% used [0x00000000d6980000,0x00000000d6a85da0,0x00000000d6b00000)
  to   space 1536K, 0% used [0x00000000d6800000,0x00000000d6800000,0x00000000d6980000)
 ParOldGen       total 68608K, used 55464K [0x0000000080000000, 0x0000000084300000, 0x00000000d5580000)
  object space 68608K, 80% used [0x0000000080000000,0x000000008362a3d0,0x0000000084300000)
 Metaspace       used 69259K, committed 70784K, reserved 1114112K
  class space    used 7494K, committed 8192K, reserved 1048576K
}
Event: 58.726 GC heap after
{Heap after GC invocations=58 (full 3):
 PSYoungGen      total 19456K, used 786K [0x00000000d5580000, 0x00000000d6a00000, 0x0000000100000000)
  eden space 18432K, 0% used [0x00000000d5580000,0x00000000d5580000,0x00000000d6780000)
  from space 1024K, 76% used [0x00000000d6800000,0x00000000d68c4880,0x00000000d6900000)
  to   space 1024K, 0% used [0x00000000d6900000,0x00000000d6900000,0x00000000d6a00000)
 ParOldGen       total 68608K, used 56458K [0x0000000080000000, 0x0000000084300000, 0x00000000d5580000)
  object space 68608K, 82% used [0x0000000080000000,0x0000000083722be0,0x0000000084300000)
 Metaspace       used 69259K, committed 70784K, reserved 1114112K
  class space    used 7494K, committed 8192K, reserved 1048576K
}
Event: 58.850 GC heap before
{Heap before GC invocations=59 (full 3):
 PSYoungGen      total 19456K, used 19218K [0x00000000d5580000, 0x00000000d6a00000, 0x0000000100000000)
  eden space 18432K, 100% used [0x00000000d5580000,0x00000000d6780000,0x00000000d6780000)
  from space 1024K, 76% used [0x00000000d6800000,0x00000000d68c4880,0x00000000d6900000)
  to   space 1024K, 0% used [0x00000000d6900000,0x00000000d6900000,0x00000000d6a00000)
 ParOldGen       total 68608K, used 56458K [0x0000000080000000, 0x0000000084300000, 0x00000000d5580000)
  object space 68608K, 82% used [0x0000000080000000,0x0000000083722be0,0x0000000084300000)
 Metaspace       used 69404K, committed 70976K, reserved 1114112K
  class space    used 7510K, committed 8192K, reserved 1048576K
}
Event: 58.855 GC heap after
{Heap after GC invocations=59 (full 3):
 PSYoungGen      total 19456K, used 686K [0x00000000d5580000, 0x00000000d6a00000, 0x0000000100000000)
  eden space 18432K, 0% used [0x00000000d5580000,0x00000000d5580000,0x00000000d6780000)
  from space 1024K, 67% used [0x00000000d6900000,0x00000000d69ab9f0,0x00000000d6a00000)
  to   space 1024K, 0% used [0x00000000d6800000,0x00000000d6800000,0x00000000d6900000)
 ParOldGen       total 68608K, used 57156K [0x0000000080000000, 0x0000000084300000, 0x00000000d5580000)
  object space 68608K, 83% used [0x0000000080000000,0x00000000837d1040,0x0000000084300000)
 Metaspace       used 69404K, committed 70976K, reserved 1114112K
  class space    used 7510K, committed 8192K, reserved 1048576K
}
Event: 60.138 GC heap before
{Heap before GC invocations=60 (full 3):
 PSYoungGen      total 19456K, used 19118K [0x00000000d5580000, 0x00000000d6a00000, 0x0000000100000000)
  eden space 18432K, 100% used [0x00000000d5580000,0x00000000d6780000,0x00000000d6780000)
  from space 1024K, 67% used [0x00000000d6900000,0x00000000d69ab9f0,0x00000000d6a00000)
  to   space 1024K, 0% used [0x00000000d6800000,0x00000000d6800000,0x00000000d6900000)
 ParOldGen       total 68608K, used 57156K [0x0000000080000000, 0x0000000084300000, 0x00000000d5580000)
  object space 68608K, 83% used [0x0000000080000000,0x00000000837d1040,0x0000000084300000)
 Metaspace       used 70219K, committed 71744K, reserved 1114112K
  class space    used 7575K, committed 8256K, reserved 1048576K
}
Event: 60.150 GC heap after
{Heap after GC invocations=60 (full 3):
 PSYoungGen      total 19456K, used 1008K [0x00000000d5580000, 0x00000000d7180000, 0x0000000100000000)
  eden space 18432K, 0% used [0x00000000d5580000,0x00000000d5580000,0x00000000d6780000)
  from space 1024K, 98% used [0x00000000d6800000,0x00000000d68fc010,0x00000000d6900000)
  to   space 5120K, 0% used [0x00000000d6c80000,0x00000000d6c80000,0x00000000d7180000)
 ParOldGen       total 68608K, used 60326K [0x0000000080000000, 0x0000000084300000, 0x00000000d5580000)
  object space 68608K, 87% used [0x0000000080000000,0x0000000083ae9aa8,0x0000000084300000)
 Metaspace       used 70219K, committed 71744K, reserved 1114112K
  class space    used 7575K, committed 8256K, reserved 1048576K
}
Event: 63.284 GC heap before
{Heap before GC invocations=61 (full 3):
 PSYoungGen      total 19456K, used 19440K [0x00000000d5580000, 0x00000000d7180000, 0x0000000100000000)
  eden space 18432K, 100% used [0x00000000d5580000,0x00000000d6780000,0x00000000d6780000)
  from space 1024K, 98% used [0x00000000d6800000,0x00000000d68fc010,0x00000000d6900000)
  to   space 5120K, 0% used [0x00000000d6c80000,0x00000000d6c80000,0x00000000d7180000)
 ParOldGen       total 68608K, used 60326K [0x0000000080000000, 0x0000000084300000, 0x00000000d5580000)
  object space 68608K, 87% used [0x0000000080000000,0x0000000083ae9aa8,0x0000000084300000)
 Metaspace       used 71149K, committed 72704K, reserved 1114112K
  class space    used 7593K, committed 8256K, reserved 1048576K
}
Event: 63.296 GC heap after
{Heap after GC invocations=61 (full 3):
 PSYoungGen      total 21504K, used 2928K [0x00000000d5580000, 0x00000000d6f80000, 0x0000000100000000)
  eden space 18432K, 0% used [0x00000000d5580000,0x00000000d5580000,0x00000000d6780000)
  from space 3072K, 95% used [0x00000000d6c80000,0x00000000d6f5c1c8,0x00000000d6f80000)
  to   space 3584K, 0% used [0x00000000d6880000,0x00000000d6880000,0x00000000d6c00000)
 ParOldGen       total 68608K, used 61347K [0x0000000080000000, 0x0000000084300000, 0x00000000d5580000)
  object space 68608K, 89% used [0x0000000080000000,0x0000000083be8c18,0x0000000084300000)
 Metaspace       used 71149K, committed 72704K, reserved 1114112K
  class space    used 7593K, committed 8256K, reserved 1048576K
}
Event: 64.922 GC heap before
{Heap before GC invocations=62 (full 3):
 PSYoungGen      total 21504K, used 21360K [0x00000000d5580000, 0x00000000d6f80000, 0x0000000100000000)
  eden space 18432K, 100% used [0x00000000d5580000,0x00000000d6780000,0x00000000d6780000)
  from space 3072K, 95% used [0x00000000d6c80000,0x00000000d6f5c1c8,0x00000000d6f80000)
  to   space 3584K, 0% used [0x00000000d6880000,0x00000000d6880000,0x00000000d6c00000)
 ParOldGen       total 68608K, used 61347K [0x0000000080000000, 0x0000000084300000, 0x00000000d5580000)
  object space 68608K, 89% used [0x0000000080000000,0x0000000083be8c18,0x0000000084300000)
 Metaspace       used 71992K, committed 73472K, reserved 1179648K
  class space    used 7646K, committed 8320K, reserved 1048576K
}
Event: 64.931 GC heap after
{Heap after GC invocations=62 (full 3):
 PSYoungGen      total 19968K, used 1032K [0x00000000d5580000, 0x00000000d6d00000, 0x0000000100000000)
  eden space 18432K, 0% used [0x00000000d5580000,0x00000000d5580000,0x00000000d6780000)
  from space 1536K, 67% used [0x00000000d6880000,0x00000000d6982190,0x00000000d6a00000)
  to   space 2048K, 0% used [0x00000000d6b00000,0x00000000d6b00000,0x00000000d6d00000)
 ParOldGen       total 68608K, used 62785K [0x0000000080000000, 0x0000000084300000, 0x00000000d5580000)
  object space 68608K, 91% used [0x0000000080000000,0x0000000083d505f0,0x0000000084300000)
 Metaspace       used 71992K, committed 73472K, reserved 1179648K
  class space    used 7646K, committed 8320K, reserved 1048576K
}
Event: 67.509 GC heap before
{Heap before GC invocations=63 (full 3):
 PSYoungGen      total 19968K, used 19464K [0x00000000d5580000, 0x00000000d6d00000, 0x0000000100000000)
  eden space 18432K, 100% used [0x00000000d5580000,0x00000000d6780000,0x00000000d6780000)
  from space 1536K, 67% used [0x00000000d6880000,0x00000000d6982190,0x00000000d6a00000)
  to   space 2048K, 0% used [0x00000000d6b00000,0x00000000d6b00000,0x00000000d6d00000)
 ParOldGen       total 68608K, used 62785K [0x0000000080000000, 0x0000000084300000, 0x00000000d5580000)
  object space 68608K, 91% used [0x0000000080000000,0x0000000083d505f0,0x0000000084300000)
 Metaspace       used 72080K, committed 73600K, reserved 1179648K
  class space    used 7648K, committed 8320K, reserved 1048576K
}
Event: 67.515 GC heap after
{Heap after GC invocations=63 (full 3):
 PSYoungGen      total 19968K, used 1488K [0x00000000d5580000, 0x00000000d6c80000, 0x0000000100000000)
  eden space 18432K, 0% used [0x00000000d5580000,0x00000000d5580000,0x00000000d6780000)
  from space 1536K, 96% used [0x00000000d6b00000,0x00000000d6c741c8,0x00000000d6c80000)
  to   space 2048K, 0% used [0x00000000d6880000,0x00000000d6880000,0x00000000d6a80000)
 ParOldGen       total 68608K, used 63585K [0x0000000080000000, 0x0000000084300000, 0x00000000d5580000)
  object space 68608K, 92% used [0x0000000080000000,0x0000000083e186c0,0x0000000084300000)
 Metaspace       used 72080K, committed 73600K, reserved 1179648K
  class space    used 7648K, committed 8320K, reserved 1048576K
}
Event: 68.735 GC heap before
{Heap before GC invocations=64 (full 3):
 PSYoungGen      total 19968K, used 19920K [0x00000000d5580000, 0x00000000d6c80000, 0x0000000100000000)
  eden space 18432K, 100% used [0x00000000d5580000,0x00000000d6780000,0x00000000d6780000)
  from space 1536K, 96% used [0x00000000d6b00000,0x00000000d6c741c8,0x00000000d6c80000)
  to   space 2048K, 0% used [0x00000000d6880000,0x00000000d6880000,0x00000000d6a80000)
 ParOldGen       total 68608K, used 63585K [0x0000000080000000, 0x0000000084300000, 0x00000000d5580000)
  object space 68608K, 92% used [0x0000000080000000,0x0000000083e186c0,0x0000000084300000)
 Metaspace       used 73375K, committed 74944K, reserved 1179648K
  class space    used 7797K, committed 8512K, reserved 1048576K
}
Event: 68.739 GC heap after
{Heap after GC invocations=64 (full 3):
 PSYoungGen      total 19968K, used 1327K [0x00000000d5580000, 0x00000000d6b80000, 0x0000000100000000)
  eden space 18432K, 0% used [0x00000000d5580000,0x00000000d5580000,0x00000000d6780000)
  from space 1536K, 86% used [0x00000000d6880000,0x00000000d69cbdd0,0x00000000d6a00000)
  to   space 1536K, 0% used [0x00000000d6a00000,0x00000000d6a00000,0x00000000d6b80000)
 ParOldGen       total 68608K, used 63730K [0x0000000080000000, 0x0000000084300000, 0x00000000d5580000)
  object space 68608K, 92% used [0x0000000080000000,0x0000000083e3c878,0x0000000084300000)
 Metaspace       used 73375K, committed 74944K, reserved 1179648K
  class space    used 7797K, committed 8512K, reserved 1048576K
}

Dll operation events (14 events):
Event: 0.068 Loaded shared library c:\Users\AORUS\.vscode\extensions\redhat.java-1.53.0-win32-x64\jre\21.0.10-win32-x86_64\bin\java.dll
Event: 0.410 Loaded shared library c:\Users\AORUS\.vscode\extensions\redhat.java-1.53.0-win32-x64\jre\21.0.10-win32-x86_64\bin\zip.dll
Event: 0.450 Loaded shared library C:\Users\AORUS\.vscode\extensions\redhat.java-1.53.0-win32-x64\jre\21.0.10-win32-x86_64\bin\instrument.dll
Event: 0.461 Loaded shared library C:\Users\AORUS\.vscode\extensions\redhat.java-1.53.0-win32-x64\jre\21.0.10-win32-x86_64\bin\net.dll
Event: 0.466 Loaded shared library C:\Users\AORUS\.vscode\extensions\redhat.java-1.53.0-win32-x64\jre\21.0.10-win32-x86_64\bin\nio.dll
Event: 0.473 Loaded shared library C:\Users\AORUS\.vscode\extensions\redhat.java-1.53.0-win32-x64\jre\21.0.10-win32-x86_64\bin\zip.dll
Event: 0.595 Loaded shared library C:\Users\AORUS\.vscode\extensions\redhat.java-1.53.0-win32-x64\jre\21.0.10-win32-x86_64\bin\jimage.dll
Event: 0.929 Loaded shared library c:\Users\AORUS\.vscode\extensions\redhat.java-1.53.0-win32-x64\jre\21.0.10-win32-x86_64\bin\verify.dll
Event: 7.484 Loaded shared library C:\Users\AORUS\AppData\Roaming\Code\User\globalStorage\redhat.java\1.53.0\config_win\org.eclipse.equinox.launcher\org.eclipse.equinox.launcher.win32.win32.x86_64_1.3.0.v20260203-2149\eclipse_11919.dll
Event: 14.650 Loaded shared library C:\Users\AORUS\.vscode\extensions\redhat.java-1.53.0-win32-x64\jre\21.0.10-win32-x86_64\bin\management.dll
Event: 14.656 Loaded shared library C:\Users\AORUS\.vscode\extensions\redhat.java-1.53.0-win32-x64\jre\21.0.10-win32-x86_64\bin\management_ext.dll
Event: 23.504 Loaded shared library C:\Users\AORUS\AppData\Local\Temp\jna-62463874\jna7923264393599799616.dll
Event: 24.040 Loaded shared library C:\Users\AORUS\.vscode\extensions\redhat.java-1.53.0-win32-x64\jre\21.0.10-win32-x86_64\bin\sunmscapi.dll
Event: 26.008 Loaded shared library C:\Users\AORUS\.vscode\extensions\redhat.java-1.53.0-win32-x64\jre\21.0.10-win32-x86_64\bin\extnet.dll

Deoptimization events (20 events):
Event: 69.002 Thread 0x000001e203447470 Uncommon trap: trap_request=0xffffff45 fr.pc=0x000001e1b5de7368 relative=0x00000000000044a8
Event: 69.002 Thread 0x000001e203447470 Uncommon trap: reason=unstable_if action=reinterpret pc=0x000001e1b5de7368 method=org.eclipse.jdt.internal.compiler.util.JrtFileSystem$2.preVisitDirectory(Ljava/nio/file/Path;Ljava/nio/file/attribute/BasicFileAttributes;)Ljava/nio/file/FileVisitResult; @ 
Event: 69.002 Thread 0x000001e203447470 DEOPT PACKING pc=0x000001e1b5de7368 sp=0x000000407a5fed30
Event: 69.002 Thread 0x000001e203447470 DEOPT UNPACKING pc=0x000001e1b5213aa2 sp=0x000000407a5fecc0 mode 2
Event: 69.002 Thread 0x000001e203447470 Uncommon trap: trap_request=0xffffff45 fr.pc=0x000001e1b5dfd834 relative=0x0000000000004bf4
Event: 69.002 Thread 0x000001e203447470 Uncommon trap: reason=unstable_if action=reinterpret pc=0x000001e1b5dfd834 method=org.eclipse.jdt.internal.compiler.util.JrtFileSystem$2.preVisitDirectory(Ljava/nio/file/Path;Ljava/nio/file/attribute/BasicFileAttributes;)Ljava/nio/file/FileVisitResult; @ 
Event: 69.002 Thread 0x000001e203447470 DEOPT PACKING pc=0x000001e1b5dfd834 sp=0x000000407a5fecc0
Event: 69.002 Thread 0x000001e203447470 DEOPT UNPACKING pc=0x000001e1b5213aa2 sp=0x000000407a5fecc0 mode 2
Event: 69.233 Thread 0x000001e203447470 Uncommon trap: trap_request=0xffffff45 fr.pc=0x000001e1b5fa4548 relative=0x0000000000000488
Event: 69.233 Thread 0x000001e203447470 Uncommon trap: reason=unstable_if action=reinterpret pc=0x000001e1b5fa4548 method=org.eclipse.jdt.internal.compiler.classfmt.JavaBinaryNames.isConstructor([C)Z @ 12 c2
Event: 69.233 Thread 0x000001e203447470 DEOPT PACKING pc=0x000001e1b5fa4548 sp=0x000000407a5fe8f0
Event: 69.233 Thread 0x000001e203447470 DEOPT UNPACKING pc=0x000001e1b5213aa2 sp=0x000000407a5fe878 mode 2
Event: 69.260 Thread 0x000001e203446750 Uncommon trap: trap_request=0xffffffde fr.pc=0x000001e1b58dabb4 relative=0x0000000000000274
Event: 69.260 Thread 0x000001e203446750 Uncommon trap: reason=class_check action=maybe_recompile pc=0x000001e1b58dabb4 method=java.util.Comparator.lambda$comparing$77a9974f$1(Ljava/util/function/Function;Ljava/lang/Object;Ljava/lang/Object;)I @ 7 c2
Event: 69.260 Thread 0x000001e203446750 DEOPT PACKING pc=0x000001e1b58dabb4 sp=0x000000407aefd830
Event: 69.260 Thread 0x000001e203446750 DEOPT UNPACKING pc=0x000001e1b5213aa2 sp=0x000000407aefd760 mode 2
Event: 69.326 Thread 0x000001e203447470 DEOPT PACKING pc=0x000001e1af272830 sp=0x000000407a5fe7c0
Event: 69.326 Thread 0x000001e203447470 DEOPT UNPACKING pc=0x000001e1b5214242 sp=0x000000407a5fdc08 mode 0
Event: 69.398 Thread 0x000001e203447470 DEOPT PACKING pc=0x000001e1af9463ed sp=0x000000407a5fe650
Event: 69.398 Thread 0x000001e203447470 DEOPT UNPACKING pc=0x000001e1b5214242 sp=0x000000407a5fda08 mode 0

Classes loaded (20 events):
Event: 58.567 Loading class java/util/Hashtable$ValueCollection
Event: 58.567 Loading class java/util/Hashtable$ValueCollection done
Event: 58.595 Loading class java/util/concurrent/ConcurrentHashMap$KeySpliterator
Event: 58.595 Loading class java/util/concurrent/ConcurrentHashMap$KeySpliterator done
Event: 64.849 Loading class java/io/CharArrayWriter
Event: 64.850 Loading class java/io/CharArrayWriter done
Event: 64.880 Loading class java/nio/file/attribute/PosixFileAttributes
Event: 64.880 Loading class java/nio/file/attribute/PosixFileAttributes done
Event: 67.747 Loading class java/util/concurrent/CompletableFuture$UniApply
Event: 67.748 Loading class java/util/concurrent/CompletableFuture$UniApply done
Event: 67.749 Loading class java/util/concurrent/CompletableFuture$UniExceptionally
Event: 67.749 Loading class java/util/concurrent/CompletableFuture$UniExceptionally done
Event: 68.561 Loading class java/io/SequenceInputStream
Event: 68.562 Loading class java/io/SequenceInputStream done
Event: 68.802 Loading class java/lang/Throwable$WrappedPrintWriter
Event: 68.802 Loading class java/lang/Throwable$PrintStreamOrWriter
Event: 68.802 Loading class java/lang/Throwable$PrintStreamOrWriter done
Event: 68.802 Loading class java/lang/Throwable$WrappedPrintWriter done
Event: 69.294 Loading class java/lang/UnsupportedClassVersionError
Event: 69.294 Loading class java/lang/UnsupportedClassVersionError done

Classes unloaded (12 events):
Event: 17.649 Thread 0x000001e1aab30900 Unloading class 0x000001e1c31b5000 'java/lang/invoke/LambdaForm$MH+0x000001e1c31b5000'
Event: 17.649 Thread 0x000001e1aab30900 Unloading class 0x000001e1c31b4c00 'java/lang/invoke/LambdaForm$MH+0x000001e1c31b4c00'
Event: 17.649 Thread 0x000001e1aab30900 Unloading class 0x000001e1c31b4800 'java/lang/invoke/LambdaForm$MH+0x000001e1c31b4800'
Event: 17.649 Thread 0x000001e1aab30900 Unloading class 0x000001e1c31b4400 'java/lang/invoke/LambdaForm$MH+0x000001e1c31b4400'
Event: 17.649 Thread 0x000001e1aab30900 Unloading class 0x000001e1c31b4000 'java/lang/invoke/LambdaForm$BMH+0x000001e1c31b4000'
Event: 17.649 Thread 0x000001e1aab30900 Unloading class 0x000001e1c31b3c00 'java/lang/invoke/LambdaForm$DMH+0x000001e1c31b3c00'
Event: 17.649 Thread 0x000001e1aab30900 Unloading class 0x000001e1c31b2800 'java/lang/invoke/LambdaForm$DMH+0x000001e1c31b2800'
Event: 23.654 Thread 0x000001e1aab30900 Unloading class 0x000001e1c32bb400 'java/lang/invoke/LambdaForm$MH+0x000001e1c32bb400'
Event: 23.654 Thread 0x000001e1aab30900 Unloading class 0x000001e1c32ba400 'java/lang/invoke/LambdaForm$MH+0x000001e1c32ba400'
Event: 47.572 Thread 0x000001e1aab30900 Unloading class 0x000001e1c3695000 'java/lang/invoke/LambdaForm$DMH+0x000001e1c3695000'
Event: 47.572 Thread 0x000001e1aab30900 Unloading class 0x000001e1c3694800 'java/lang/invoke/LambdaForm$DMH+0x000001e1c3694800'
Event: 47.572 Thread 0x000001e1aab30900 Unloading class 0x000001e1c3694c00 'java/lang/invoke/LambdaForm$DMH+0x000001e1c3694c00'

Classes redefined (0 events):
No events

Internal exceptions (20 events):
Event: 68.633 Thread 0x000001e20344a260 Exception <a 'sun/nio/fs/WindowsException'{0x00000000d6453740}> (0x00000000d6453740) 
thrown [s\src\hotspot\share\prims\jni.cpp, line 520]
Event: 68.633 Thread 0x000001e20344a260 Exception <a 'sun/nio/fs/WindowsException'{0x00000000d6454198}> (0x00000000d6454198) 
thrown [s\src\hotspot\share\prims\jni.cpp, line 520]
Event: 68.634 Thread 0x000001e20344a260 Exception <a 'sun/nio/fs/WindowsException'{0x00000000d6455660}> (0x00000000d6455660) 
thrown [s\src\hotspot\share\prims\jni.cpp, line 520]
Event: 68.634 Thread 0x000001e20344a260 Exception <a 'sun/nio/fs/WindowsException'{0x00000000d64560a8}> (0x00000000d64560a8) 
thrown [s\src\hotspot\share\prims\jni.cpp, line 520]
Event: 68.645 Thread 0x000001e20344a260 Exception <a 'java/lang/IncompatibleClassChangeError'{0x00000000d64944f8}: Found class java.lang.Object, but interface was expected> (0x00000000d64944f8) 
thrown [s\src\hotspot\share\interpreter\linkResolver.cpp, line 840]
Event: 68.658 Thread 0x000001e20344a260 Exception <a 'java/lang/IncompatibleClassChangeError'{0x00000000d64ea020}: Found class java.lang.Object, but interface was expected> (0x00000000d64ea020) 
thrown [s\src\hotspot\share\interpreter\linkResolver.cpp, line 840]
Event: 68.675 Thread 0x000001e20344a260 Exception <a 'java/lang/IncompatibleClassChangeError'{0x00000000d6575550}: Found class java.lang.Object, but interface was expected> (0x00000000d6575550) 
thrown [s\src\hotspot\share\interpreter\linkResolver.cpp, line 840]
Event: 68.803 Thread 0x000001e20344a260 Exception <a 'java/lang/IncompatibleClassChangeError'{0x00000000d578c3e0}: Found class java.lang.Object, but interface was expected> (0x00000000d578c3e0) 
thrown [s\src\hotspot\share\interpreter\linkResolver.cpp, line 840]
Event: 69.092 Thread 0x000001e20a610110 Exception <a 'java/lang/NoSuchMethodError'{0x00000000d5a4b388}: 'java.lang.Object java.lang.invoke.DirectMethodHandle$Holder.invokeSpecial(java.lang.Object, java.lang.Object, int, long)'> (0x00000000d5a4b388) 
thrown [s\src\hotspot\share\interpreter\linkResolver.cpp, line 773]
Event: 69.095 Thread 0x000001e203446750 Exception <a 'sun/nio/fs/WindowsException'{0x00000000d5a61cd0}> (0x00000000d5a61cd0) 
thrown [s\src\hotspot\share\prims\jni.cpp, line 520]
Event: 69.095 Thread 0x000001e203446750 Exception <a 'sun/nio/fs/WindowsException'{0x00000000d5a624d0}> (0x00000000d5a624d0) 
thrown [s\src\hotspot\share\prims\jni.cpp, line 520]
Event: 69.100 Thread 0x000001e203446750 Exception <a 'sun/nio/fs/WindowsException'{0x00000000d5a63648}> (0x00000000d5a63648) 
thrown [s\src\hotspot\share\prims\jni.cpp, line 520]
Event: 69.101 Thread 0x000001e203446750 Exception <a 'sun/nio/fs/WindowsException'{0x00000000d5a63e48}> (0x00000000d5a63e48) 
thrown [s\src\hotspot\share\prims\jni.cpp, line 520]
Event: 69.127 Thread 0x000001e203446750 Exception <a 'java/io/FileNotFoundException'{0x00000000d5aba3c0}> (0x00000000d5aba3c0) 
thrown [s\src\hotspot\share\prims\jni.cpp, line 520]
Event: 69.128 Thread 0x000001e203446750 Exception <a 'java/io/FileNotFoundException'{0x00000000d5abb530}> (0x00000000d5abb530) 
thrown [s\src\hotspot\share\prims\jni.cpp, line 520]
Event: 69.214 Thread 0x000001e203446750 Exception <a 'sun/nio/fs/WindowsException'{0x00000000d5bf4d70}> (0x00000000d5bf4d70) 
thrown [s\src\hotspot\share\prims\jni.cpp, line 520]
Event: 69.214 Thread 0x000001e203446750 Exception <a 'sun/nio/fs/WindowsException'{0x00000000d5bf5570}> (0x00000000d5bf5570) 
thrown [s\src\hotspot\share\prims\jni.cpp, line 520]
Event: 69.296 Thread 0x000001e203446750 Exception <a 'sun/nio/fs/WindowsException'{0x00000000d5d956e8}> (0x00000000d5d956e8) 
thrown [s\src\hotspot\share\prims\jni.cpp, line 520]
Event: 69.296 Thread 0x000001e203446750 Exception <a 'sun/nio/fs/WindowsException'{0x00000000d5d95ee8}> (0x00000000d5d95ee8) 
thrown [s\src\hotspot\share\prims\jni.cpp, line 520]
Event: 69.325 Thread 0x000001e216c10dc0 Exception <a 'java/lang/NoSuchMethodError'{0x00000000d5eb64b0}: 'int java.lang.invoke.Invokers$Holder.invokeExact_MT(java.lang.Object, java.lang.Object)'> (0x00000000d5eb64b0) 
thrown [s\src\hotspot\share\interpreter\linkResolver.cpp, line 773]

ZGC Phase Switch (0 events):
No events

VM Operations (20 events):
Event: 64.912 Executing safepoint VM operation: ParallelGCFailedAllocation (Allocation Failure)
Event: 64.931 Executing safepoint VM operation: ParallelGCFailedAllocation (Allocation Failure) done
Event: 65.940 Executing safepoint VM operation: Cleanup
Event: 65.957 Executing safepoint VM operation: Cleanup done
Event: 66.974 Executing safepoint VM operation: Cleanup
Event: 67.098 Executing safepoint VM operation: Cleanup done
Event: 67.508 Executing safepoint VM operation: ParallelGCFailedAllocation (Allocation Failure)
Event: 67.515 Executing safepoint VM operation: ParallelGCFailedAllocation (Allocation Failure) done
Event: 67.794 Executing non-safepoint VM operation: HandshakeAllThreads (Deoptimize)
Event: 68.036 Executing non-safepoint VM operation: HandshakeAllThreads (Deoptimize) done
Event: 68.044 Executing non-safepoint VM operation: HandshakeAllThreads (Deoptimize)
Event: 68.044 Executing non-safepoint VM operation: HandshakeAllThreads (Deoptimize) done
Event: 68.101 Executing non-safepoint VM operation: HandshakeAllThreads (Deoptimize)
Event: 68.129 Executing non-safepoint VM operation: HandshakeAllThreads (Deoptimize) done
Event: 68.136 Executing non-safepoint VM operation: HandshakeAllThreads (Deoptimize)
Event: 68.136 Executing non-safepoint VM operation: HandshakeAllThreads (Deoptimize) done
Event: 68.735 Executing safepoint VM operation: ParallelGCFailedAllocation (Allocation Failure)
Event: 68.739 Executing safepoint VM operation: ParallelGCFailedAllocation (Allocation Failure) done
Event: 69.113 Executing non-safepoint VM operation: HandshakeAllThreads (Deoptimize)
Event: 69.129 Executing non-safepoint VM operation: HandshakeAllThreads (Deoptimize) done

Memory protections (0 events):
No events

Nmethod flushes (20 events):
Event: 47.606 Thread 0x000001e1aab30900 flushing  nmethod 0x000001e1ae6b8410
Event: 47.606 Thread 0x000001e1aab30900 flushing  nmethod 0x000001e1ae6bc510
Event: 47.606 Thread 0x000001e1aab30900 flushing  nmethod 0x000001e1ae6ccc10
Event: 47.606 Thread 0x000001e1aab30900 flushing  nmethod 0x000001e1ae6f2410
Event: 47.606 Thread 0x000001e1aab30900 flushing  nmethod 0x000001e1ae710e90
Event: 47.606 Thread 0x000001e1aab30900 flushing  nmethod 0x000001e1ae711690
Event: 47.606 Thread 0x000001e1aab30900 flushing  nmethod 0x000001e1ae71b090
Event: 47.606 Thread 0x000001e1aab30900 flushing  nmethod 0x000001e1ae721790
Event: 47.606 Thread 0x000001e1aab30900 flushing  nmethod 0x000001e1ae727a90
Event: 47.606 Thread 0x000001e1aab30900 flushing  nmethod 0x000001e1ae764a90
Event: 47.606 Thread 0x000001e1aab30900 flushing  nmethod 0x000001e1ae765a10
Event: 47.606 Thread 0x000001e1aab30900 flushing  nmethod 0x000001e1ae766110
Event: 47.606 Thread 0x000001e1aab30900 flushing  nmethod 0x000001e1ae766710
Event: 47.606 Thread 0x000001e1aab30900 flushing  nmethod 0x000001e1ae766f90
Event: 47.606 Thread 0x000001e1aab30900 flushing  nmethod 0x000001e1ae76c990
Event: 47.606 Thread 0x000001e1aab30900 flushing  nmethod 0x000001e1ae776f90
Event: 47.606 Thread 0x000001e1aab30900 flushing  nmethod 0x000001e1ae7a5690
Event: 47.606 Thread 0x000001e1aab30900 flushing  nmethod 0x000001e1ae7b4910
Event: 47.606 Thread 0x000001e1aab30900 flushing  nmethod 0x000001e1ae7b5e10
Event: 47.606 Thread 0x000001e1aab30900 flushing  nmethod 0x000001e1ae7da490

Events (20 events):
Event: 53.082 Thread 0x000001e203446de0 Thread added: 0x000001e20a6114c0
Event: 53.100 Thread 0x000001e20a6114c0 Thread exited: 0x000001e20a6114c0
Event: 53.400 Thread 0x000001e1c1503900 Thread added: 0x000001e20873fa40
Event: 53.454 Thread 0x000001e203d06470 Thread added: 0x000001e20a610110
Event: 53.727 Thread 0x000001e20873fa40 Thread exited: 0x000001e20873fa40
Event: 53.961 Thread 0x000001e203447b00 Thread added: 0x000001e20a60f3f0
Event: 53.972 Thread 0x000001e20a60f3f0 Thread added: 0x000001e20a6114c0
Event: 53.975 Thread 0x000001e20a6114c0 Thread added: 0x000001e20a611b50
Event: 53.975 Thread 0x000001e20a60f3f0 Thread added: 0x000001e20a60e6d0
Event: 54.058 Thread 0x000001e203447b00 Thread added: 0x000001e20a60ed60
Event: 54.059 Thread 0x000001e203447b00 Thread added: 0x000001e20a612870
Event: 54.098 Thread 0x000001e1c1503900 Thread added: 0x000001e20b0dd210
Event: 58.335 Thread 0x000001e203447b00 Thread added: 0x000001e20a613590
Event: 58.612 Thread 0x000001e203447b00 Thread added: 0x000001e20a615660
Event: 58.836 Thread 0x000001e203447b00 Thread added: 0x000001e20a6142b0
Event: 59.068 Thread 0x000001e203447470 Thread added: 0x000001e20a614940
Event: 67.753 Thread 0x000001e20a614940 Thread added: 0x000001e216c12170
Event: 67.760 Thread 0x000001e216c12170 Thread added: 0x000001e216c10dc0
Event: 68.519 Thread 0x000001e20b0dd210 Thread exited: 0x000001e20b0dd210
Event: 68.665 Thread 0x000001e1c1503900 Thread added: 0x000001e20b0dcb40


Dynamic libraries:
0x00007ff795a90000 - 0x00007ff795a9e000 	c:\Users\AORUS\.vscode\extensions\redhat.java-1.53.0-win32-x64\jre\21.0.10-win32-x86_64\bin\java.exe
0x00007ffeb04a0000 - 0x00007ffeb0707000 	C:\WINDOWS\SYSTEM32\ntdll.dll
0x00007ffeaef00000 - 0x00007ffeaefc9000 	C:\WINDOWS\System32\KERNEL32.DLL
0x00007ffead3b0000 - 0x00007ffead7a1000 	C:\WINDOWS\System32\KERNELBASE.dll
0x00007ffeacd80000 - 0x00007ffeacecb000 	C:\WINDOWS\System32\ucrtbase.dll
0x00007ffe975c0000 - 0x00007ffe975d8000 	c:\Users\AORUS\.vscode\extensions\redhat.java-1.53.0-win32-x64\jre\21.0.10-win32-x86_64\bin\jli.dll
0x00007ffeb0180000 - 0x00007ffeb0345000 	C:\WINDOWS\System32\USER32.dll
0x00007ffeae0d0000 - 0x00007ffeae0f7000 	C:\WINDOWS\System32\win32u.dll
0x00007ffeafb90000 - 0x00007ffeafbbb000 	C:\WINDOWS\System32\GDI32.dll
0x00007ffead110000 - 0x00007ffead23b000 	C:\WINDOWS\System32\gdi32full.dll
0x00007ffeae100000 - 0x00007ffeae1a3000 	C:\WINDOWS\System32\msvcp_win.dll
0x00007ffe97460000 - 0x00007ffe9747e000 	c:\Users\AORUS\.vscode\extensions\redhat.java-1.53.0-win32-x64\jre\21.0.10-win32-x86_64\bin\VCRUNTIME140.dll
0x00007ffe9b880000 - 0x00007ffe9bb13000 	C:\WINDOWS\WinSxS\amd64_microsoft.windows.common-controls_6595b64144ccf1df_6.0.26100.8037_none_3e092faae333b53b\COMCTL32.dll
0x00007ffeaf6b0000 - 0x00007ffeaf759000 	C:\WINDOWS\System32\msvcrt.dll
0x00007ffeafb50000 - 0x00007ffeafb81000 	C:\WINDOWS\System32\IMM32.DLL
0x00007ffea1650000 - 0x00007ffea165c000 	c:\Users\AORUS\.vscode\extensions\redhat.java-1.53.0-win32-x64\jre\21.0.10-win32-x86_64\bin\vcruntime140_1.dll
0x00007ffe404b0000 - 0x00007ffe4053d000 	c:\Users\AORUS\.vscode\extensions\redhat.java-1.53.0-win32-x64\jre\21.0.10-win32-x86_64\bin\msvcp140.dll
0x00007ffe22d90000 - 0x00007ffe23b31000 	c:\Users\AORUS\.vscode\extensions\redhat.java-1.53.0-win32-x64\jre\21.0.10-win32-x86_64\bin\server\jvm.dll
0x00007ffeaee40000 - 0x00007ffeaeefb000 	C:\WINDOWS\System32\ADVAPI32.dll
0x00007ffeaf110000 - 0x00007ffeaf1b7000 	C:\WINDOWS\System32\sechost.dll
0x00007ffeaf950000 - 0x00007ffeafa68000 	C:\WINDOWS\System32\RPCRT4.dll
0x00007ffeaf090000 - 0x00007ffeaf104000 	C:\WINDOWS\System32\WS2_32.dll
0x00007ffeacc00000 - 0x00007ffeacc5e000 	C:\WINDOWS\SYSTEM32\POWRPROF.dll
0x00007ffea64c0000 - 0x00007ffea64cb000 	C:\WINDOWS\SYSTEM32\VERSION.dll
0x00007ffe9b030000 - 0x00007ffe9b065000 	C:\WINDOWS\SYSTEM32\WINMM.dll
0x00007ffeacbe0000 - 0x00007ffeacbf4000 	C:\WINDOWS\SYSTEM32\UMPDC.dll
0x00007ffeabad0000 - 0x00007ffeabaeb000 	C:\WINDOWS\SYSTEM32\kernel.appcore.dll
0x00007ffe9f630000 - 0x00007ffe9f63a000 	c:\Users\AORUS\.vscode\extensions\redhat.java-1.53.0-win32-x64\jre\21.0.10-win32-x86_64\bin\jimage.dll
0x00007ffe9b240000 - 0x00007ffe9b482000 	C:\WINDOWS\SYSTEM32\DBGHELP.DLL
0x00007ffeaf220000 - 0x00007ffeaf5a2000 	C:\WINDOWS\System32\combase.dll
0x00007ffeafa70000 - 0x00007ffeafb47000 	C:\WINDOWS\System32\OLEAUT32.dll
0x00007ffe75de0000 - 0x00007ffe75e1b000 	C:\WINDOWS\SYSTEM32\dbgcore.DLL
0x00007ffeae020000 - 0x00007ffeae0c5000 	C:\WINDOWS\System32\bcryptPrimitives.dll
0x00007ffe98390000 - 0x00007ffe9839f000 	c:\Users\AORUS\.vscode\extensions\redhat.java-1.53.0-win32-x64\jre\21.0.10-win32-x86_64\bin\instrument.dll
0x00007ffe8c7e0000 - 0x00007ffe8c800000 	c:\Users\AORUS\.vscode\extensions\redhat.java-1.53.0-win32-x64\jre\21.0.10-win32-x86_64\bin\java.dll
0x00007ffeae240000 - 0x00007ffeae99f000 	C:\WINDOWS\System32\SHELL32.dll
0x00007ffead240000 - 0x00007ffead3aa000 	C:\WINDOWS\System32\wintypes.dll
0x00007ffead7b0000 - 0x00007ffeae014000 	C:\WINDOWS\System32\windows.storage.dll
0x00007ffeaf7e0000 - 0x00007ffeaf8d7000 	C:\WINDOWS\System32\SHCORE.dll
0x00007ffeaf5c0000 - 0x00007ffeaf627000 	C:\WINDOWS\System32\shlwapi.dll
0x00007ffeacca0000 - 0x00007ffeaccc9000 	C:\WINDOWS\SYSTEM32\profapi.dll
0x00007ffe88bb0000 - 0x00007ffe88bc8000 	c:\Users\AORUS\.vscode\extensions\redhat.java-1.53.0-win32-x64\jre\21.0.10-win32-x86_64\bin\zip.dll
0x00007ffe98380000 - 0x00007ffe98390000 	C:\Users\AORUS\.vscode\extensions\redhat.java-1.53.0-win32-x64\jre\21.0.10-win32-x86_64\bin\net.dll
0x00007ffea1d00000 - 0x00007ffea1e27000 	C:\WINDOWS\SYSTEM32\WINHTTP.dll
0x00007ffeac020000 - 0x00007ffeac08b000 	C:\WINDOWS\system32\mswsock.dll
0x00007ffe841b0000 - 0x00007ffe841c6000 	C:\Users\AORUS\.vscode\extensions\redhat.java-1.53.0-win32-x64\jre\21.0.10-win32-x86_64\bin\nio.dll
0x00007ffe97440000 - 0x00007ffe97450000 	c:\Users\AORUS\.vscode\extensions\redhat.java-1.53.0-win32-x64\jre\21.0.10-win32-x86_64\bin\verify.dll
0x00007ffe68c40000 - 0x00007ffe68c85000 	C:\Users\AORUS\AppData\Roaming\Code\User\globalStorage\redhat.java\1.53.0\config_win\org.eclipse.equinox.launcher\org.eclipse.equinox.launcher.win32.win32.x86_64_1.3.0.v20260203-2149\eclipse_11919.dll
0x00007ffeafc80000 - 0x00007ffeafe15000 	C:\WINDOWS\System32\ole32.dll
0x00007ffe8d1d0000 - 0x00007ffe8d1da000 	C:\Users\AORUS\.vscode\extensions\redhat.java-1.53.0-win32-x64\jre\21.0.10-win32-x86_64\bin\management.dll
0x00007ffe8d070000 - 0x00007ffe8d07c000 	C:\Users\AORUS\.vscode\extensions\redhat.java-1.53.0-win32-x64\jre\21.0.10-win32-x86_64\bin\management_ext.dll
0x00007ffeaf8e0000 - 0x00007ffeaf8e8000 	C:\WINDOWS\System32\PSAPI.DLL
0x00007ffeac420000 - 0x00007ffeac43b000 	C:\WINDOWS\SYSTEM32\CRYPTSP.dll
0x00007ffeaba30000 - 0x00007ffeaba69000 	C:\WINDOWS\system32\rsaenh.dll
0x00007ffeac0d0000 - 0x00007ffeac102000 	C:\WINDOWS\SYSTEM32\USERENV.dll
0x00007ffeacc70000 - 0x00007ffeacc9a000 	C:\WINDOWS\SYSTEM32\bcrypt.dll
0x00007ffeac280000 - 0x00007ffeac28c000 	C:\WINDOWS\SYSTEM32\CRYPTBASE.dll
0x00007ffeab4c0000 - 0x00007ffeab4f3000 	C:\WINDOWS\SYSTEM32\IPHLPAPI.DLL
0x00007ffeaf940000 - 0x00007ffeaf94a000 	C:\WINDOWS\System32\NSI.dll
0x00007ffe69400000 - 0x00007ffe69449000 	C:\Users\AORUS\AppData\Local\Temp\jna-62463874\jna7923264393599799616.dll
0x00007ffea5890000 - 0x00007ffea58ad000 	C:\WINDOWS\SYSTEM32\dhcpcsvc6.DLL
0x00007ffea57e0000 - 0x00007ffea5803000 	C:\WINDOWS\SYSTEM32\dhcpcsvc.DLL
0x00007ffe88e60000 - 0x00007ffe88e6e000 	C:\Users\AORUS\.vscode\extensions\redhat.java-1.53.0-win32-x64\jre\21.0.10-win32-x86_64\bin\sunmscapi.dll
0x00007ffeaced0000 - 0x00007ffead047000 	C:\WINDOWS\System32\CRYPT32.dll
0x00007ffeac580000 - 0x00007ffeac5b0000 	C:\WINDOWS\SYSTEM32\ncrypt.dll
0x00007ffeac530000 - 0x00007ffeac56f000 	C:\WINDOWS\SYSTEM32\NTASN1.dll
0x00007ffeab550000 - 0x00007ffeab67a000 	C:\WINDOWS\SYSTEM32\DNSAPI.dll
0x00007ffe9fe20000 - 0x00007ffe9fe2b000 	C:\Windows\System32\rasadhlp.dll
0x00007ffea16b0000 - 0x00007ffea1736000 	C:\WINDOWS\System32\fwpuclnt.dll
0x00007ffe88ba0000 - 0x00007ffe88ba9000 	C:\Users\AORUS\.vscode\extensions\redhat.java-1.53.0-win32-x64\jre\21.0.10-win32-x86_64\bin\extnet.dll
0x00007ffeabbf0000 - 0x00007ffeabc26000 	C:\WINDOWS\SYSTEM32\ntmarta.dll

JVMTI agents:
c:\Users\AORUS\.vscode\extensions\redhat.java-1.53.0-win32-x64\lombok\lombok-1.18.39-4050.jar path:c:\Users\AORUS\.vscode\extensions\redhat.java-1.53.0-win32-x64\jre\21.0.10-win32-x86_64\bin\instrument.dll, loaded, initialized, instrumentlib options:none

dbghelp: loaded successfully - version: 4.0.5 - missing functions: none
symbol engine: initialized successfully - sym options: 0x614 - pdb path: .;c:\Users\AORUS\.vscode\extensions\redhat.java-1.53.0-win32-x64\jre\21.0.10-win32-x86_64\bin;C:\WINDOWS\SYSTEM32;C:\WINDOWS\WinSxS\amd64_microsoft.windows.common-controls_6595b64144ccf1df_6.0.26100.8037_none_3e092faae333b53b;c:\Users\AORUS\.vscode\extensions\redhat.java-1.53.0-win32-x64\jre\21.0.10-win32-x86_64\bin\server;C:\Users\AORUS\AppData\Roaming\Code\User\globalStorage\redhat.java\1.53.0\config_win\org.eclipse.equinox.launcher\org.eclipse.equinox.launcher.win32.win32.x86_64_1.3.0.v20260203-2149;C:\Users\AORUS\AppData\Local\Temp\jna-62463874

VM Arguments:
jvm_args: --add-modules=ALL-SYSTEM --add-opens=java.base/java.util=ALL-UNNAMED --add-opens=java.base/java.lang=ALL-UNNAMED --add-opens=java.base/sun.nio.fs=ALL-UNNAMED -Declipse.application=org.eclipse.jdt.ls.core.id1 -Dosgi.bundles.defaultStartLevel=4 -Declipse.product=org.eclipse.jdt.ls.core.product -Djava.import.generatesMetadataFilesAtProjectRoot=false -DDetectVMInstallationsJob.disabled=true -Dfile.encoding=utf8 -XX:+UseParallelGC -XX:GCTimeRatio=4 -XX:AdaptiveSizePolicyWeight=90 -Dsun.zip.disableMemoryMapping=true -Xmx2G -Xms100m -Xlog:disable -javaagent:c:\Users\AORUS\.vscode\extensions\redhat.java-1.53.0-win32-x64\lombok\lombok-1.18.39-4050.jar -XX:+HeapDumpOnOutOfMemoryError -XX:HeapDumpPath=c:\Users\AORUS\AppData\Roaming\Code\User\workspaceStorage\25615c588b25ddd3c41bca7e527f8edc\redhat.java -Daether.dependencyCollector.impl=bf 
java_command: c:\Users\AORUS\.vscode\extensions\redhat.java-1.53.0-win32-x64\server\plugins\org.eclipse.equinox.launcher_1.7.100.v20251111-0406.jar -configuration c:\Users\AORUS\AppData\Roaming\Code\User\globalStorage\redhat.java\1.53.0\config_win -data c:\Users\AORUS\AppData\Roaming\Code\User\workspaceStorage\25615c588b25ddd3c41bca7e527f8edc\redhat.java\jdt_ws --pipe=\\.\pipe\lsp-f5248b365c4f505f5789221bc1646765-sock
java_class_path (initial): c:\Users\AORUS\.vscode\extensions\redhat.java-1.53.0-win32-x64\server\plugins\org.eclipse.equinox.launcher_1.7.100.v20251111-0406.jar
Launcher Type: SUN_STANDARD

[Global flags]
    uintx AdaptiveSizePolicyWeight                 = 90                                        {product} {command line}
     intx CICompilerCount                          = 3                                         {product} {ergonomic}
    uintx GCTimeRatio                              = 4                                         {product} {command line}
     bool HeapDumpOnOutOfMemoryError               = true                                   {manageable} {command line}
    ccstr HeapDumpPath                             = c:\Users\AORUS\AppData\Roaming\Code\User\workspaceStorage\25615c588b25ddd3c41bca7e527f8edc\redhat.java         {manageable} {command line}
   size_t InitialHeapSize                          = 104857600                                 {product} {command line}
   size_t MaxHeapSize                              = 2147483648                                {product} {command line}
   size_t MaxNewSize                               = 715653120                                 {product} {ergonomic}
   size_t MinHeapDeltaBytes                        = 524288                                    {product} {ergonomic}
   size_t MinHeapSize                              = 104857600                                 {product} {command line}
   size_t NewSize                                  = 34603008                                  {product} {ergonomic}
    uintx NonNMethodCodeHeapSize                   = 5832780                                {pd product} {ergonomic}
    uintx NonProfiledCodeHeapSize                  = 122912730                              {pd product} {ergonomic}
   size_t OldSize                                  = 70254592                                  {product} {ergonomic}
    uintx ProfiledCodeHeapSize                     = 122912730                              {pd product} {ergonomic}
    uintx ReservedCodeCacheSize                    = 251658240                              {pd product} {ergonomic}
     bool SegmentedCodeCache                       = true                                      {product} {ergonomic}
   size_t SoftMaxHeapSize                          = 2147483648                             {manageable} {ergonomic}
     bool UseCompressedOops                        = true                           {product lp64_product} {ergonomic}
     bool UseLargePagesIndividualAllocation        = false                                  {pd product} {ergonomic}
     bool UseParallelGC                            = true                                      {product} {command line}

Logging:
Log output configuration:
 #0: stdout all=off uptime,level,tags foldmultilines=false
 #1: stderr all=off uptime,level,tags foldmultilines=false

Release file:
JAVA_VERSION="21.0.10" 
MODULES="java.base java.compiler java.datatransfer java.xml java.prefs java.desktop java.instrument java.logging java.management java.security.sasl java.naming java.rmi java.management.rmi java.net.http java.scripting java.security.jgss java.transaction.xa java.sql java.sql.rowset java.xml.crypto java.se java.smartcardio jdk.accessibility jdk.internal.jvmstat jdk.attach jdk.charsets jdk.internal.opt jdk.zipfs jdk.compiler jdk.crypto.ec jdk.crypto.cryptoki jdk.crypto.mscapi jdk.dynalink jdk.internal.ed jdk.editpad jdk.hotspot.agent jdk.httpserver jdk.internal.le jdk.internal.vm.ci jdk.internal.vm.compiler jdk.internal.vm.compiler.management jdk.jartool jdk.javadoc jdk.jcmd jdk.management jdk.management.agent jdk.jconsole jdk.jdeps jdk.jdwp.agent jdk.jdi jdk.jfr jdk.jshell jdk.jsobject jdk.jstatd jdk.localedata jdk.management.jfr jdk.naming.dns jdk.naming.rmi jdk.net jdk.nio.mapmode jdk.random jdk.sctp jdk.security.auth jdk.security.jgss jdk.unsupported jdk.unsupported.desktop jdk.xml.dom" 

Environment Variables:
JAVA_HOME=C:\Program Files\Java\jdk-24
PATH=C:\Users\AORUS\AppData\Local\Programs\Microsoft VS Code;C:\Program Files\Common Files\Oracle\Java\javapath;C:\Program Files (x86)\VMware\VMware Workstation\bin\;C:\WINDOWS\system32;C:\WINDOWS;C:\WINDOWS\System32\Wbem;C:\WINDOWS\System32\WindowsPowerShell\v1.0\;C:\WINDOWS\System32\OpenSSH\;C:\Program Files\nodejs\;C:\ProgramData\chocolatey\bin;C:\Program Files\Git\cmd;C:\Program Files\dotnet\;D:\application INFO\apache-maven-3.9.13\bin;C:\Users\AORUS\AppData\Local\Programs\Eclipse Adoptium\jdk-17.0.18.8-hotspot\bin;C:\Users\AORUS\AppData\Local\Microsoft\WindowsApps;C:\Users\AORUS\AppData\Local\Programs\Microsoft VS Code\bin;C:\Users\AORUS\AppData\Roaming\npm;C:\Program Files\JetBrains\IntelliJ IDEA Community Edition 2025.1.1.1\bin;;C:\Program Files\PostgreSQL\17\bin;C:\Users\AORUS\AppData\Local\Programs\Python\Python313\Scripts\;C:\Users\AORUS\AppData\Local\Programs\Python\Python313\;C:\Program Files\nodejs;C:\Users\AORUS\Downloads\apache-maven-3.9.11-bin\apache-maven-3.9.11\;C:\Program Files\PostgreSQL\18\bin;
USERNAME=AORUS
OS=Windows_NT
PROCESSOR_IDENTIFIER=Intel64 Family 6 Model 142 Stepping 9, GenuineIntel
TMP=C:\Users\AORUS\AppData\Local\Temp
TEMP=C:\Users\AORUS\AppData\Local\Temp




Periodic native trim disabled

---------------  S Y S T E M  ---------------

OS:
 Windows 11 , 64 bit Build 26100 (10.0.26100.7920)
OS uptime: 13 days 19:17 hours
Hyper-V role detected

CPU: total 4 (initial active 4) (2 cores per cpu, 2 threads per core) family 6 model 142 stepping 9 microcode 0xde, cx8, cmov, fxsr, ht, mmx, 3dnowpref, sse, sse2, sse3, ssse3, sse4.1, sse4.2, popcnt, lzcnt, tsc, tscinvbit, avx, avx2, aes, erms, clmul, bmi1, bmi2, adx, fma, vzeroupper, clflush, clflushopt, hv, rdtscp, f16c
Processor Information for processor 0
  Max Mhz: 2400, Current Mhz: 2400, Mhz Limit: 2400
Processor Information for processor 1
  Max Mhz: 2400, Current Mhz: 2400, Mhz Limit: 2400
Processor Information for processor 2
  Max Mhz: 2400, Current Mhz: 2400, Mhz Limit: 2400
Processor Information for processor 3
  Max Mhz: 2400, Current Mhz: 1500, Mhz Limit: 2400

Memory: 4k page, system-wide physical 8086M (914M free)
TotalPageFile size 12101M (AvailPageFile size 4M)
current process WorkingSet (physical memory assigned to process): 353M, peak: 370M
current process commit charge ("private bytes"): 415M, peak: 435M

vm_info: OpenJDK 64-Bit Server VM (21.0.10+7-LTS) for windows-amd64 JRE (21.0.10+7-LTS), built on 2026-01-20T00:00:00Z by "admin" with MS VC++ 17.12 (VS2022)

END.
