#
# There is insufficient memory for the Java Runtime Environment to continue.
# Native memory allocation (malloc) failed to allocate 32744 bytes. Error detail: Chunk::new
# Possible reasons:
#   The system is out of physical RAM or swap space
#   This process is running with CompressedOops enabled, and the Java Heap may be blocking the growth of the native heap
# Possible solutions:
#   Reduce memory load on the system
#   Increase physical memory or swap space
#   Check if swap backing store is full
#   Decrease Java heap size (-Xmx/-Xms)
#   Decrease number of Java threads
#   Decrease Java thread stack sizes (-Xss)
#   Set larger code cache with -XX:ReservedCodeCacheSize=
#   JVM is running with Unscaled Compressed Oops mode in which the Java heap is
#     placed in the first 4GB address space. The Java Heap base address is the
#     maximum limit for the native heap growth. Please use -XX:HeapBaseMinAddress
#     to set the Java Heap base and to place the Java Heap above 4GB virtual address.
# This output file may be truncated or incomplete.
#
#  Out of Memory Error (arena.cpp:168), pid=9836, tid=13164
#
# JRE version: OpenJDK Runtime Environment Temurin-21.0.10+7 (21.0.10+7) (build 21.0.10+7-LTS)
# Java VM: OpenJDK 64-Bit Server VM Temurin-21.0.10+7 (21.0.10+7-LTS, mixed mode, sharing, tiered, compressed oops, compressed class ptrs, parallel gc, windows-amd64)
# No core dump will be written. Minidumps are not enabled by default on client versions of Windows
#

---------------  S U M M A R Y ------------

Command Line: --add-modules=ALL-SYSTEM --add-opens=java.base/java.util=ALL-UNNAMED --add-opens=java.base/java.lang=ALL-UNNAMED --add-opens=java.base/sun.nio.fs=ALL-UNNAMED -Declipse.application=org.eclipse.jdt.ls.core.id1 -Dosgi.bundles.defaultStartLevel=4 -Declipse.product=org.eclipse.jdt.ls.core.product -Djava.import.generatesMetadataFilesAtProjectRoot=false -DDetectVMInstallationsJob.disabled=true -Dfile.encoding=utf8 -XX:+UseParallelGC -XX:GCTimeRatio=4 -XX:AdaptiveSizePolicyWeight=90 -Dsun.zip.disableMemoryMapping=true -Xmx2G -Xms100m -Xlog:disable -javaagent:c:\Users\AORUS\.vscode\extensions\redhat.java-1.53.0-win32-x64\lombok\lombok-1.18.39-4050.jar -XX:+HeapDumpOnOutOfMemoryError -XX:HeapDumpPath=c:\Users\AORUS\AppData\Roaming\Code\User\workspaceStorage\25615c588b25ddd3c41bca7e527f8edc\redhat.java -Daether.dependencyCollector.impl=bf c:\Users\AORUS\.vscode\extensions\redhat.java-1.53.0-win32-x64\server\plugins\org.eclipse.equinox.launcher_1.7.100.v20251111-0406.jar -configuration c:\Users\AORUS\AppData\Roaming\Code\User\globalStorage\redhat.java\1.53.0\config_win -data c:\Users\AORUS\AppData\Roaming\Code\User\workspaceStorage\25615c588b25ddd3c41bca7e527f8edc\redhat.java\jdt_ws --pipe=\\.\pipe\lsp-96e604f70200cd8348c046932d5ab5cd-sock

Host: Intel(R) Core(TM) i3-7100U CPU @ 2.40GHz, 4 cores, 7G,  Windows 11 , 64 bit Build 26100 (10.0.26100.7920)
Time: Tue Mar 31 10:21:24 2026 elapsed time: 52.199583 seconds (0d 0h 0m 52s)

---------------  T H R E A D  ---------------

Current thread (0x000002204b4c2060):  JavaThread "C2 CompilerThread1" daemon [_thread_in_native, id=13164, stack(0x000000ac68400000,0x000000ac68500000) (1024K)]


Current CompileTask:
C2:52199 11227 %     4       org.eclipse.jdt.internal.core.util.Util::quickSort @ 36 (107 bytes)

Stack: [0x000000ac68400000,0x000000ac68500000]
Native frames: (J=compiled Java code, j=interpreted, Vv=VM code, C=native code)
V  [jvm.dll+0x6d7a39]
V  [jvm.dll+0x8b4b26]
V  [jvm.dll+0x8b70de]
V  [jvm.dll+0x8b77c3]
V  [jvm.dll+0x284346]
V  [jvm.dll+0xc66ed]
V  [jvm.dll+0xc6c31]
V  [jvm.dll+0x703443]
V  [jvm.dll+0x1e403a]
V  [jvm.dll+0x24c6b3]
V  [jvm.dll+0x24bb40]
V  [jvm.dll+0x1cb34e]
V  [jvm.dll+0x25b85d]
V  [jvm.dll+0x259dea]
V  [jvm.dll+0x3f857e]
V  [jvm.dll+0x85f59d]
V  [jvm.dll+0x6d626d]
C  [ucrtbase.dll+0x37b0]
C  [KERNEL32.DLL+0x2e8d7]
C  [ntdll.dll+0x8c48c]


---------------  P R O C E S S  ---------------

Threads class SMR info:
_java_thread_list=0x000002204ce2d240, length=44, elements={
0x000002206cff5580, 0x000002206d0aabc0, 0x000002206d0ad310, 0x000002206cee3af0,
0x000002206cee4750, 0x000002206cee72c0, 0x000002206cee7d20, 0x000002206cee8b60,
0x000002206cf56ba0, 0x00000220457b82b0, 0x000002204a0a4cd0, 0x000002204a7a2ba0,
0x000002204a548010, 0x000002204a867030, 0x000002204a8b8fd0, 0x000002204af183b0,
0x000002204a85ad10, 0x000002204ab14a10, 0x000002204a4945e0, 0x000002204a497a60,
0x000002204a496d40, 0x000002204a4973d0, 0x000002204a495300, 0x000002204a496020,
0x000002204a4966b0, 0x000002204a494c70, 0x000002204d965e70, 0x000002204d966500,
0x000002204d9657e0, 0x000002204d966b90, 0x000002204d964ac0, 0x000002204d965150,
0x00000220457a38e0, 0x00000220457a3250, 0x00000220457a6040, 0x00000220457a4c90,
0x00000220457a66d0, 0x00000220457a73f0, 0x00000220457a7a80, 0x00000220457a4600,
0x00000220457a87a0, 0x00000220457a5320, 0x00000220457a8e30, 0x000002204b4c2060
}

Java Threads: ( => current thread )
  0x000002206cff5580 JavaThread "main"                              [_thread_blocked, id=21084, stack(0x000000ac66d00000,0x000000ac66e00000) (1024K)]
  0x000002206d0aabc0 JavaThread "Reference Handler"          daemon [_thread_blocked, id=20716, stack(0x000000ac67100000,0x000000ac67200000) (1024K)]
  0x000002206d0ad310 JavaThread "Finalizer"                  daemon [_thread_blocked, id=6856, stack(0x000000ac67200000,0x000000ac67300000) (1024K)]
  0x000002206cee3af0 JavaThread "Signal Dispatcher"          daemon [_thread_blocked, id=20340, stack(0x000000ac67300000,0x000000ac67400000) (1024K)]
  0x000002206cee4750 JavaThread "Attach Listener"            daemon [_thread_blocked, id=8232, stack(0x000000ac67400000,0x000000ac67500000) (1024K)]
  0x000002206cee72c0 JavaThread "Service Thread"             daemon [_thread_blocked, id=16440, stack(0x000000ac67500000,0x000000ac67600000) (1024K)]
  0x000002206cee7d20 JavaThread "Monitor Deflation Thread"   daemon [_thread_blocked, id=17912, stack(0x000000ac67600000,0x000000ac67700000) (1024K)]
  0x000002206cee8b60 JavaThread "C2 CompilerThread0"         daemon [_thread_in_native, id=14420, stack(0x000000ac67700000,0x000000ac67800000) (1024K)]
  0x000002206cf56ba0 JavaThread "C1 CompilerThread0"         daemon [_thread_blocked, id=10972, stack(0x000000ac67800000,0x000000ac67900000) (1024K)]
  0x00000220457b82b0 JavaThread "Common-Cleaner"             daemon [_thread_blocked, id=12916, stack(0x000000ac67900000,0x000000ac67a00000) (1024K)]
  0x000002204a0a4cd0 JavaThread "Notification Thread"        daemon [_thread_blocked, id=10736, stack(0x000000ac67b00000,0x000000ac67c00000) (1024K)]
  0x000002204a7a2ba0 JavaThread "Active Thread: Equinox Container: 951da64c-7921-4f01-baf3-1b568a774b04"        [_thread_blocked, id=9992, stack(0x000000ac67f00000,0x000000ac68000000) (1024K)]
  0x000002204a548010 JavaThread "Refresh Thread: Equinox Container: 951da64c-7921-4f01-baf3-1b568a774b04" daemon [_thread_blocked, id=5564, stack(0x000000ac68000000,0x000000ac68100000) (1024K)]
  0x000002204a867030 JavaThread "Framework Event Dispatcher: Equinox Container: 951da64c-7921-4f01-baf3-1b568a774b04" daemon [_thread_blocked, id=17012, stack(0x000000ac68100000,0x000000ac68200000) (1024K)]
  0x000002204a8b8fd0 JavaThread "Start Level: Equinox Container: 951da64c-7921-4f01-baf3-1b568a774b04" daemon [_thread_blocked, id=19012, stack(0x000000ac68200000,0x000000ac68300000) (1024K)]
  0x000002204af183b0 JavaThread "Bundle File Closer"         daemon [_thread_blocked, id=17376, stack(0x000000ac68300000,0x000000ac68400000) (1024K)]
  0x000002204a85ad10 JavaThread "SCR Component Actor"        daemon [_thread_blocked, id=18220, stack(0x000000ac67a00000,0x000000ac67b00000) (1024K)]
  0x000002204ab14a10 JavaThread "Worker-JM"                         [_thread_blocked, id=12668, stack(0x000000ac68500000,0x000000ac68600000) (1024K)]
  0x000002204a4945e0 JavaThread "JNA Cleaner"                daemon [_thread_blocked, id=11188, stack(0x000000ac68600000,0x000000ac68700000) (1024K)]
  0x000002204a497a60 JavaThread "Worker-0"                          [_thread_blocked, id=19988, stack(0x000000ac68700000,0x000000ac68800000) (1024K)]
  0x000002204a496d40 JavaThread "Worker-1"                          [_thread_blocked, id=20800, stack(0x000000ac68800000,0x000000ac68900000) (1024K)]
  0x000002204a4973d0 JavaThread "Worker-2: Initialize workspace"        [_thread_blocked, id=13540, stack(0x000000ac68900000,0x000000ac68a00000) (1024K)]
  0x000002204a495300 JavaThread "Java indexing"              daemon [_thread_blocked, id=9408, stack(0x000000ac68a00000,0x000000ac68b00000) (1024K)]
  0x000002204a496020 JavaThread "Worker-3: Initialize Workspace"        [_thread_blocked, id=8256, stack(0x000000ac68b00000,0x000000ac68c00000) (1024K)]
  0x000002204a4966b0 JavaThread "Worker-4"                          [_thread_blocked, id=20936, stack(0x000000ac68c00000,0x000000ac68d00000) (1024K)]
  0x000002204a494c70 JavaThread "Worker-5: Java indexing... "        [_thread_blocked, id=2084, stack(0x000000ac68f00000,0x000000ac69000000) (1024K)]
  0x000002204d965e70 JavaThread "Thread-1"                   daemon [_thread_in_native, id=13980, stack(0x000000ac69000000,0x000000ac69100000) (1024K)]
  0x000002204d966500 JavaThread "Thread-2"                   daemon [_thread_in_native, id=19044, stack(0x000000ac69100000,0x000000ac69200000) (1024K)]
  0x000002204d9657e0 JavaThread "Thread-3"                   daemon [_thread_in_native, id=19360, stack(0x000000ac69200000,0x000000ac69300000) (1024K)]
  0x000002204d966b90 JavaThread "Thread-4"                   daemon [_thread_in_native, id=8092, stack(0x000000ac69300000,0x000000ac69400000) (1024K)]
  0x000002204d964ac0 JavaThread "Thread-5"                   daemon [_thread_in_native, id=18176, stack(0x000000ac69400000,0x000000ac69500000) (1024K)]
  0x000002204d965150 JavaThread "pool-2-thread-1"                   [_thread_blocked, id=5004, stack(0x000000ac69500000,0x000000ac69600000) (1024K)]
  0x00000220457a38e0 JavaThread "WorkspaceEventsHandler"            [_thread_blocked, id=13004, stack(0x000000ac69600000,0x000000ac69700000) (1024K)]
  0x00000220457a3250 JavaThread "pool-1-thread-1"                   [_thread_blocked, id=10672, stack(0x000000ac69700000,0x000000ac69800000) (1024K)]
  0x00000220457a6040 JavaThread "LocalFile Deleter"          daemon [_thread_blocked, id=7528, stack(0x000000ac69800000,0x000000ac69900000) (1024K)]
  0x00000220457a4c90 JavaThread "LocalFile Deleter"          daemon [_thread_blocked, id=15124, stack(0x000000ac69900000,0x000000ac69a00000) (1024K)]
  0x00000220457a66d0 JavaThread "LocalFile Deleter"          daemon [_thread_blocked, id=17028, stack(0x000000ac69a00000,0x000000ac69b00000) (1024K)]
  0x00000220457a73f0 JavaThread "LocalFile Deleter"          daemon [_thread_blocked, id=3044, stack(0x000000ac69b00000,0x000000ac69c00000) (1024K)]
  0x00000220457a7a80 JavaThread "Compiler Source File Reader" daemon [_thread_blocked, id=18652, stack(0x000000ac69c00000,0x000000ac69d00000) (1024K)]
  0x00000220457a4600 JavaThread "Compiler Source File Reader" daemon [_thread_blocked, id=19948, stack(0x000000ac69d00000,0x000000ac69e00000) (1024K)]
  0x00000220457a87a0 JavaThread "Compiler Processing Task"   daemon [_thread_blocked, id=15400, stack(0x000000ac69e00000,0x000000ac69f00000) (1024K)]
  0x00000220457a5320 JavaThread "Compiler Class File Writer" daemon [_thread_blocked, id=21232, stack(0x000000ac69f00000,0x000000ac6a000000) (1024K)]
  0x00000220457a8e30 JavaThread "Compiler Class File Writer" daemon [_thread_blocked, id=12728, stack(0x000000ac6a000000,0x000000ac6a100000) (1024K)]
=>0x000002204b4c2060 JavaThread "C2 CompilerThread1"         daemon [_thread_in_native, id=13164, stack(0x000000ac68400000,0x000000ac68500000) (1024K)]
Total: 44

Other Threads:
  0x000002206cedf6a0 VMThread "VM Thread"                           [id=3524, stack(0x000000ac67000000,0x000000ac67100000) (1024K)]
  0x000002206ce7ca00 WatcherThread "VM Periodic Task Thread"        [id=15760, stack(0x000000ac66f00000,0x000000ac67000000) (1024K)]
  0x000002206d012cb0 WorkerThread "GC Thread#0"                     [id=21044, stack(0x000000ac66e00000,0x000000ac66f00000) (1024K)]
  0x000002204a54bcc0 WorkerThread "GC Thread#1"                     [id=18896, stack(0x000000ac67c00000,0x000000ac67d00000) (1024K)]
  0x000002204a7c05e0 WorkerThread "GC Thread#2"                     [id=20856, stack(0x000000ac67d00000,0x000000ac67e00000) (1024K)]
  0x000002204a6b9450 WorkerThread "GC Thread#3"                     [id=6536, stack(0x000000ac67e00000,0x000000ac67f00000) (1024K)]
Total: 6

Threads with active compile tasks:
C2 CompilerThread0  52290 11215 % !   4       org.eclipse.jdt.internal.core.search.indexing.BinaryIndexer::indexDocument @ 563 (1172 bytes)
C2 CompilerThread1  52290 11227 %     4       org.eclipse.jdt.internal.core.util.Util::quickSort @ 36 (107 bytes)
Total: 2

VM state: at safepoint (normal execution)

VM Mutex/Monitor currently owned by a thread:  ([mutex/lock_event])
[0x00007ffe23a4e560] Threads_lock - owner thread: 0x000002206cedf6a0
[0x00007ffe23a4e660] Heap_lock - owner thread: 0x000002204a495300

Heap address: 0x0000000080000000, size: 2048 MB, Compressed Oops mode: 32-bit

CDS archive(s) mapped at: [0x0000022004000000-0x0000022004ba0000-0x0000022004ba0000), size 12189696, SharedBaseAddress: 0x0000022004000000, ArchiveRelocationMode: 1.
Compressed class space mapped at: 0x0000022005000000-0x0000022045000000, reserved size: 1073741824
Narrow klass base: 0x0000022004000000, Narrow klass shift: 0, Narrow klass range: 0x100000000

GC Precious Log:
 CardTable entry size: 512
 CPUs: 4 total, 4 available
 Memory: 8086M
 Large Page Support: Disabled
 NUMA Support: Disabled
 Compressed Oops: Enabled (32-bit)
 Alignments: Space 512K, Generation 512K, Heap 2M
 Heap Min Capacity: 100M
 Heap Initial Capacity: 100M
 Heap Max Capacity: 2G
 Pre-touch: Disabled
 Parallel Workers: 4

Heap:
 PSYoungGen      total 2048K, used 1760K [0x00000000d5580000, 0x00000000d5880000, 0x0000000100000000)
  eden space 1536K, 100% used [0x00000000d5580000,0x00000000d5700000,0x00000000d5700000)
  from space 512K, 43% used [0x00000000d5700000,0x00000000d5738000,0x00000000d5780000)
  to   space 512K, 37% used [0x00000000d5800000,0x00000000d5830000,0x00000000d5880000)
 ParOldGen       total 399360K, used 399352K [0x0000000080000000, 0x0000000098600000, 0x00000000d5580000)
  object space 399360K, 99% used [0x0000000080000000,0x00000000985fe3f0,0x0000000098600000)
 Metaspace       used 62533K, committed 64064K, reserved 1114112K
  class space    used 6557K, committed 7168K, reserved 1048576K

Card table byte_map: [0x000002206c990000,0x000002206cda0000] _byte_map_base: 0x000002206c590000

Marking Bits: (ParMarkBitMap*) 0x00007ffe23a53450
 Begin Bits: [0x0000022000000000, 0x0000022002000000)
 End Bits:   [0x0000022002000000, 0x0000022004000000)

Polling page: 0x000002206b2f0000

Metaspace:

Usage:
  Non-class:     54.66 MB used.
      Class:      6.40 MB used.
       Both:     61.07 MB used.

Virtual space:
  Non-class space:       64.00 MB reserved,      55.56 MB ( 87%) committed,  1 nodes.
      Class space:        1.00 GB reserved,       7.00 MB ( <1%) committed,  1 nodes.
             Both:        1.06 GB reserved,      62.56 MB (  6%) committed. 

Chunk freelists:
   Non-Class:  8.11 MB
       Class:  8.95 MB
        Both:  17.06 MB

MaxMetaspaceSize: unlimited
CompressedClassSpaceSize: 1.00 GB
Initial GC threshold: 21.00 MB
Current GC threshold: 97.31 MB
CDS: on
 - commit_granule_bytes: 65536.
 - commit_granule_words: 8192.
 - virtual_space_node_default_size: 8388608.
 - enlarge_chunks_in_place: 1.
 - use_allocation_guard: 0.


Internal statistics:

num_allocs_failed_limit: 9.
num_arena_births: 1244.
num_arena_deaths: 14.
num_vsnodes_births: 2.
num_vsnodes_deaths: 0.
num_space_committed: 1001.
num_space_uncommitted: 0.
num_chunks_returned_to_freelist: 23.
num_chunks_taken_from_freelist: 4200.
num_chunk_merges: 10.
num_chunk_splits: 2571.
num_chunks_enlarged: 1412.
num_inconsistent_stats: 0.

CodeHeap 'non-profiled nmethods': size=120000Kb used=7970Kb max_used=7970Kb free=112029Kb
 bounds [0x0000022077cc0000, 0x0000022078490000, 0x000002207f1f0000]
CodeHeap 'profiled nmethods': size=120000Kb used=24603Kb max_used=24603Kb free=95396Kb
 bounds [0x00000220701f0000, 0x0000022071a00000, 0x0000022077720000]
CodeHeap 'non-nmethods': size=5760Kb used=1434Kb max_used=1533Kb free=4325Kb
 bounds [0x0000022077720000, 0x0000022077990000, 0x0000022077cc0000]
CodeCache: size=245760Kb, used=34007Kb, max_used=34106Kb, free=211750Kb
 total_blobs=11149, nmethods=10405, adapters=649, full_count=0
Compilation: enabled, stopped_count=0, restarted_count=0

Compilation events (20 events):
Event: 51.659 Thread 0x000002206cf56ba0 nmethod 11224 0x00000220719e6090 code [0x00000220719e62e0, 0x00000220719e6a38]
Event: 51.698 Thread 0x000002206cf56ba0 11225       3       org.eclipse.jdt.internal.compiler.parser.Scanner::internalScanIdentifierOrKeyword (5041 bytes)
Event: 51.723 Thread 0x000002206cf56ba0 nmethod 11225 0x00000220719e6b90 code [0x00000220719e7b00, 0x00000220719f2c18]
Event: 51.835 Thread 0x000002206cf56ba0 11229       3       org.eclipse.jdt.internal.core.index.DiskIndex::writeStreamInt (122 bytes)
Event: 51.836 Thread 0x000002206cf56ba0 nmethod 11229 0x00000220719f4d90 code [0x00000220719f4f40, 0x00000220719f5240]
Event: 51.837 Thread 0x000002204b4c2060 11228       4       org.eclipse.jdt.internal.core.index.DiskIndex::writeDocumentNumbers (384 bytes)
Event: 51.871 Thread 0x000002206cf56ba0 11230       3       java.security.MessageDigest::update (11 bytes)
Event: 51.871 Thread 0x000002206cf56ba0 nmethod 11230 0x00000220719f5390 code [0x00000220719f5540, 0x00000220719f5800]
Event: 51.871 Thread 0x000002206cf56ba0 11231       3       java.security.MessageDigest$Delegate::engineUpdate (9 bytes)
Event: 51.872 Thread 0x000002206cf56ba0 nmethod 11231 0x00000220719f5910 code [0x00000220719f5ac0, 0x00000220719f5c98]
Event: 51.946 Thread 0x000002206cf56ba0 11232   !   3       java.util.zip.ZipFile::entries (34 bytes)
Event: 51.946 Thread 0x000002206cf56ba0 nmethod 11232 0x00000220719f5d90 code [0x00000220719f5f60, 0x00000220719f62e0]
Event: 52.002 Thread 0x000002206cf56ba0 11233       3       org.eclipse.core.internal.jobs.InternalJob::internalSetState (15 bytes)
Event: 52.002 Thread 0x000002206cf56ba0 nmethod 11233 0x00000220719f6510 code [0x00000220719f66a0, 0x00000220719f67c0]
Event: 52.027 Thread 0x000002206cf56ba0 11234       3       java.lang.Integer::compareTo (12 bytes)
Event: 52.027 Thread 0x000002206cf56ba0 nmethod 11234 0x00000220719f6890 code [0x00000220719f6a40, 0x00000220719f6c90]
Event: 52.044 Thread 0x000002204b4c2060 nmethod 11228 0x0000022078485d10 code [0x0000022078485f80, 0x0000022078487900]
Event: 52.045 Thread 0x000002204b4c2060 11219       4       org.eclipse.jdt.internal.compiler.util.Util::isClassFileName (82 bytes)
Event: 52.051 Thread 0x000002204b4c2060 nmethod 11219 0x0000022078488490 code [0x0000022078488640, 0x0000022078488830]
Event: 52.051 Thread 0x000002204b4c2060 11227 %     4       org.eclipse.jdt.internal.core.util.Util::quickSort @ 36 (107 bytes)

GC Heap History (20 events):
Event: 51.659 GC heap before
{Heap before GC invocations=492 (full 3):
 PSYoungGen      total 2048K, used 1760K [0x00000000d5580000, 0x00000000d5800000, 0x0000000100000000)
  eden space 1536K, 100% used [0x00000000d5580000,0x00000000d5700000,0x00000000d5700000)
  from space 512K, 43% used [0x00000000d5780000,0x00000000d57b8000,0x00000000d5800000)
  to   space 512K, 0% used [0x00000000d5700000,0x00000000d5700000,0x00000000d5780000)
 ParOldGen       total 396288K, used 395924K [0x0000000080000000, 0x0000000098300000, 0x00000000d5580000)
  object space 396288K, 99% used [0x0000000080000000,0x00000000982a5090,0x0000000098300000)
 Metaspace       used 62531K, committed 64064K, reserved 1114112K
  class space    used 6557K, committed 7168K, reserved 1048576K
}
Event: 51.662 GC heap after
{Heap after GC invocations=492 (full 3):
 PSYoungGen      total 2048K, used 192K [0x00000000d5580000, 0x00000000d5800000, 0x0000000100000000)
  eden space 1536K, 0% used [0x00000000d5580000,0x00000000d5580000,0x00000000d5700000)
  from space 512K, 37% used [0x00000000d5700000,0x00000000d5730000,0x00000000d5780000)
  to   space 512K, 0% used [0x00000000d5780000,0x00000000d5780000,0x00000000d5800000)
 ParOldGen       total 396288K, used 396092K [0x0000000080000000, 0x0000000098300000, 0x00000000d5580000)
  object space 396288K, 99% used [0x0000000080000000,0x00000000982cf090,0x0000000098300000)
 Metaspace       used 62531K, committed 64064K, reserved 1114112K
  class space    used 6557K, committed 7168K, reserved 1048576K
}
Event: 51.675 GC heap before
{Heap before GC invocations=493 (full 3):
 PSYoungGen      total 2048K, used 1721K [0x00000000d5580000, 0x00000000d5800000, 0x0000000100000000)
  eden space 1536K, 99% used [0x00000000d5580000,0x00000000d56fe408,0x00000000d5700000)
  from space 512K, 37% used [0x00000000d5700000,0x00000000d5730000,0x00000000d5780000)
  to   space 512K, 0% used [0x00000000d5780000,0x00000000d5780000,0x00000000d5800000)
 ParOldGen       total 396288K, used 396092K [0x0000000080000000, 0x0000000098300000, 0x00000000d5580000)
  object space 396288K, 99% used [0x0000000080000000,0x00000000982cf090,0x0000000098300000)
 Metaspace       used 62531K, committed 64064K, reserved 1114112K
  class space    used 6557K, committed 7168K, reserved 1048576K
}
Event: 51.678 GC heap after
{Heap after GC invocations=493 (full 3):
 PSYoungGen      total 2048K, used 256K [0x00000000d5580000, 0x00000000d5800000, 0x0000000100000000)
  eden space 1536K, 0% used [0x00000000d5580000,0x00000000d5580000,0x00000000d5700000)
  from space 512K, 50% used [0x00000000d5780000,0x00000000d57c0000,0x00000000d5800000)
  to   space 512K, 0% used [0x00000000d5700000,0x00000000d5700000,0x00000000d5780000)
 ParOldGen       total 396288K, used 396260K [0x0000000080000000, 0x0000000098300000, 0x00000000d5580000)
  object space 396288K, 99% used [0x0000000080000000,0x00000000982f9090,0x0000000098300000)
 Metaspace       used 62531K, committed 64064K, reserved 1114112K
  class space    used 6557K, committed 7168K, reserved 1048576K
}
Event: 51.694 GC heap before
{Heap before GC invocations=494 (full 3):
 PSYoungGen      total 2048K, used 1792K [0x00000000d5580000, 0x00000000d5800000, 0x0000000100000000)
  eden space 1536K, 100% used [0x00000000d5580000,0x00000000d5700000,0x00000000d5700000)
  from space 512K, 50% used [0x00000000d5780000,0x00000000d57c0000,0x00000000d5800000)
  to   space 512K, 0% used [0x00000000d5700000,0x00000000d5700000,0x00000000d5780000)
 ParOldGen       total 396288K, used 396260K [0x0000000080000000, 0x0000000098300000, 0x00000000d5580000)
  object space 396288K, 99% used [0x0000000080000000,0x00000000982f9090,0x0000000098300000)
 Metaspace       used 62531K, committed 64064K, reserved 1114112K
  class space    used 6557K, committed 7168K, reserved 1048576K
}
Event: 51.696 GC heap after
{Heap after GC invocations=494 (full 3):
 PSYoungGen      total 2048K, used 256K [0x00000000d5580000, 0x00000000d5800000, 0x0000000100000000)
  eden space 1536K, 0% used [0x00000000d5580000,0x00000000d5580000,0x00000000d5700000)
  from space 512K, 50% used [0x00000000d5700000,0x00000000d5740000,0x00000000d5780000)
  to   space 512K, 0% used [0x00000000d5780000,0x00000000d5780000,0x00000000d5800000)
 ParOldGen       total 396800K, used 396436K [0x0000000080000000, 0x0000000098380000, 0x00000000d5580000)
  object space 396800K, 99% used [0x0000000080000000,0x0000000098325090,0x0000000098380000)
 Metaspace       used 62531K, committed 64064K, reserved 1114112K
  class space    used 6557K, committed 7168K, reserved 1048576K
}
Event: 51.732 GC heap before
{Heap before GC invocations=495 (full 3):
 PSYoungGen      total 2048K, used 1791K [0x00000000d5580000, 0x00000000d5800000, 0x0000000100000000)
  eden space 1536K, 99% used [0x00000000d5580000,0x00000000d56fff98,0x00000000d5700000)
  from space 512K, 50% used [0x00000000d5700000,0x00000000d5740000,0x00000000d5780000)
  to   space 512K, 0% used [0x00000000d5780000,0x00000000d5780000,0x00000000d5800000)
 ParOldGen       total 396800K, used 396436K [0x0000000080000000, 0x0000000098380000, 0x00000000d5580000)
  object space 396800K, 99% used [0x0000000080000000,0x0000000098325090,0x0000000098380000)
 Metaspace       used 62531K, committed 64064K, reserved 1114112K
  class space    used 6557K, committed 7168K, reserved 1048576K
}
Event: 51.734 GC heap after
{Heap after GC invocations=495 (full 3):
 PSYoungGen      total 2048K, used 224K [0x00000000d5580000, 0x00000000d5800000, 0x0000000100000000)
  eden space 1536K, 0% used [0x00000000d5580000,0x00000000d5580000,0x00000000d5700000)
  from space 512K, 43% used [0x00000000d5780000,0x00000000d57b8000,0x00000000d5800000)
  to   space 512K, 0% used [0x00000000d5700000,0x00000000d5700000,0x00000000d5780000)
 ParOldGen       total 396800K, used 396620K [0x0000000080000000, 0x0000000098380000, 0x00000000d5580000)
  object space 396800K, 99% used [0x0000000080000000,0x0000000098353090,0x0000000098380000)
 Metaspace       used 62531K, committed 64064K, reserved 1114112K
  class space    used 6557K, committed 7168K, reserved 1048576K
}
Event: 51.763 GC heap before
{Heap before GC invocations=496 (full 3):
 PSYoungGen      total 2048K, used 1750K [0x00000000d5580000, 0x00000000d5800000, 0x0000000100000000)
  eden space 1536K, 99% used [0x00000000d5580000,0x00000000d56fdb68,0x00000000d5700000)
  from space 512K, 43% used [0x00000000d5780000,0x00000000d57b8000,0x00000000d5800000)
  to   space 512K, 0% used [0x00000000d5700000,0x00000000d5700000,0x00000000d5780000)
 ParOldGen       total 396800K, used 396620K [0x0000000080000000, 0x0000000098380000, 0x00000000d5580000)
  object space 396800K, 99% used [0x0000000080000000,0x0000000098353090,0x0000000098380000)
 Metaspace       used 62531K, committed 64064K, reserved 1114112K
  class space    used 6557K, committed 7168K, reserved 1048576K
}
Event: 51.767 GC heap after
{Heap after GC invocations=496 (full 3):
 PSYoungGen      total 2048K, used 493K [0x00000000d5580000, 0x00000000d5a00000, 0x0000000100000000)
  eden space 1536K, 0% used [0x00000000d5580000,0x00000000d5580000,0x00000000d5700000)
  from space 512K, 96% used [0x00000000d5700000,0x00000000d577b540,0x00000000d5780000)
  to   space 1536K, 0% used [0x00000000d5880000,0x00000000d5880000,0x00000000d5a00000)
 ParOldGen       total 397824K, used 397342K [0x0000000080000000, 0x0000000098480000, 0x00000000d5580000)
  object space 397824K, 99% used [0x0000000080000000,0x00000000984079c0,0x0000000098480000)
 Metaspace       used 62531K, committed 64064K, reserved 1114112K
  class space    used 6557K, committed 7168K, reserved 1048576K
}
Event: 51.822 GC heap before
{Heap before GC invocations=497 (full 3):
 PSYoungGen      total 2048K, used 2029K [0x00000000d5580000, 0x00000000d5a00000, 0x0000000100000000)
  eden space 1536K, 100% used [0x00000000d5580000,0x00000000d5700000,0x00000000d5700000)
  from space 512K, 96% used [0x00000000d5700000,0x00000000d577b540,0x00000000d5780000)
  to   space 1536K, 0% used [0x00000000d5880000,0x00000000d5880000,0x00000000d5a00000)
 ParOldGen       total 397824K, used 397342K [0x0000000080000000, 0x0000000098480000, 0x00000000d5580000)
  object space 397824K, 99% used [0x0000000080000000,0x00000000984079c0,0x0000000098480000)
 Metaspace       used 62531K, committed 64064K, reserved 1114112K
  class space    used 6557K, committed 7168K, reserved 1048576K
}
Event: 51.827 GC heap after
{Heap after GC invocations=497 (full 3):
 PSYoungGen      total 3072K, used 1099K [0x00000000d5580000, 0x00000000d5a00000, 0x0000000100000000)
  eden space 1536K, 0% used [0x00000000d5580000,0x00000000d5580000,0x00000000d5700000)
  from space 1536K, 71% used [0x00000000d5880000,0x00000000d5992f80,0x00000000d5a00000)
  to   space 1536K, 0% used [0x00000000d5700000,0x00000000d5700000,0x00000000d5880000)
 ParOldGen       total 397824K, used 397510K [0x0000000080000000, 0x0000000098480000, 0x00000000d5580000)
  object space 397824K, 99% used [0x0000000080000000,0x00000000984318c0,0x0000000098480000)
 Metaspace       used 62531K, committed 64064K, reserved 1114112K
  class space    used 6557K, committed 7168K, reserved 1048576K
}
Event: 52.069 GC heap before
{Heap before GC invocations=498 (full 3):
 PSYoungGen      total 3072K, used 2635K [0x00000000d5580000, 0x00000000d5a00000, 0x0000000100000000)
  eden space 1536K, 100% used [0x00000000d5580000,0x00000000d5700000,0x00000000d5700000)
  from space 1536K, 71% used [0x00000000d5880000,0x00000000d5992f80,0x00000000d5a00000)
  to   space 1536K, 0% used [0x00000000d5700000,0x00000000d5700000,0x00000000d5880000)
 ParOldGen       total 397824K, used 397510K [0x0000000080000000, 0x0000000098480000, 0x00000000d5580000)
  object space 397824K, 99% used [0x0000000080000000,0x00000000984318c0,0x0000000098480000)
 Metaspace       used 62533K, committed 64064K, reserved 1114112K
  class space    used 6557K, committed 7168K, reserved 1048576K
}
Event: 52.073 GC heap after
{Heap after GC invocations=498 (full 3):
 PSYoungGen      total 2048K, used 282K [0x00000000d5580000, 0x00000000d5900000, 0x0000000100000000)
  eden space 1536K, 0% used [0x00000000d5580000,0x00000000d5580000,0x00000000d5700000)
  from space 512K, 55% used [0x00000000d5700000,0x00000000d5746a58,0x00000000d5780000)
  to   space 1024K, 0% used [0x00000000d5800000,0x00000000d5800000,0x00000000d5900000)
 ParOldGen       total 398848K, used 398485K [0x0000000080000000, 0x0000000098580000, 0x00000000d5580000)
  object space 398848K, 99% used [0x0000000080000000,0x0000000098525788,0x0000000098580000)
 Metaspace       used 62533K, committed 64064K, reserved 1114112K
  class space    used 6557K, committed 7168K, reserved 1048576K
}
Event: 52.101 GC heap before
{Heap before GC invocations=499 (full 3):
 PSYoungGen      total 2048K, used 1818K [0x00000000d5580000, 0x00000000d5900000, 0x0000000100000000)
  eden space 1536K, 100% used [0x00000000d5580000,0x00000000d5700000,0x00000000d5700000)
  from space 512K, 55% used [0x00000000d5700000,0x00000000d5746a58,0x00000000d5780000)
  to   space 1024K, 0% used [0x00000000d5800000,0x00000000d5800000,0x00000000d5900000)
 ParOldGen       total 398848K, used 398485K [0x0000000080000000, 0x0000000098580000, 0x00000000d5580000)
  object space 398848K, 99% used [0x0000000080000000,0x0000000098525788,0x0000000098580000)
 Metaspace       used 62533K, committed 64064K, reserved 1114112K
  class space    used 6557K, committed 7168K, reserved 1048576K
}
Event: 52.105 GC heap after
{Heap after GC invocations=499 (full 3):
 PSYoungGen      total 2048K, used 224K [0x00000000d5580000, 0x00000000d5880000, 0x0000000100000000)
  eden space 1536K, 0% used [0x00000000d5580000,0x00000000d5580000,0x00000000d5700000)
  from space 512K, 43% used [0x00000000d5800000,0x00000000d5838000,0x00000000d5880000)
  to   space 512K, 0% used [0x00000000d5700000,0x00000000d5700000,0x00000000d5780000)
 ParOldGen       total 398848K, used 398688K [0x0000000080000000, 0x0000000098580000, 0x00000000d5580000)
  object space 398848K, 99% used [0x0000000080000000,0x00000000985581e0,0x0000000098580000)
 Metaspace       used 62533K, committed 64064K, reserved 1114112K
  class space    used 6557K, committed 7168K, reserved 1048576K
}
Event: 52.145 GC heap before
{Heap before GC invocations=500 (full 3):
 PSYoungGen      total 2048K, used 1741K [0x00000000d5580000, 0x00000000d5880000, 0x0000000100000000)
  eden space 1536K, 98% used [0x00000000d5580000,0x00000000d56fb658,0x00000000d5700000)
  from space 512K, 43% used [0x00000000d5800000,0x00000000d5838000,0x00000000d5880000)
  to   space 512K, 0% used [0x00000000d5700000,0x00000000d5700000,0x00000000d5780000)
 ParOldGen       total 398848K, used 398688K [0x0000000080000000, 0x0000000098580000, 0x00000000d5580000)
  object space 398848K, 99% used [0x0000000080000000,0x00000000985581e0,0x0000000098580000)
 Metaspace       used 62533K, committed 64064K, reserved 1114112K
  class space    used 6557K, committed 7168K, reserved 1048576K
}
Event: 52.147 GC heap after
{Heap after GC invocations=500 (full 3):
 PSYoungGen      total 2048K, used 192K [0x00000000d5580000, 0x00000000d5880000, 0x0000000100000000)
  eden space 1536K, 0% used [0x00000000d5580000,0x00000000d5580000,0x00000000d5700000)
  from space 512K, 37% used [0x00000000d5700000,0x00000000d5730000,0x00000000d5780000)
  to   space 512K, 0% used [0x00000000d5800000,0x00000000d5800000,0x00000000d5880000)
 ParOldGen       total 399360K, used 398885K [0x0000000080000000, 0x0000000098600000, 0x00000000d5580000)
  object space 399360K, 99% used [0x0000000080000000,0x00000000985897e8,0x0000000098600000)
 Metaspace       used 62533K, committed 64064K, reserved 1114112K
  class space    used 6557K, committed 7168K, reserved 1048576K
}
Event: 52.174 GC heap before
{Heap before GC invocations=501 (full 3):
 PSYoungGen      total 2048K, used 1728K [0x00000000d5580000, 0x00000000d5880000, 0x0000000100000000)
  eden space 1536K, 100% used [0x00000000d5580000,0x00000000d5700000,0x00000000d5700000)
  from space 512K, 37% used [0x00000000d5700000,0x00000000d5730000,0x00000000d5780000)
  to   space 512K, 0% used [0x00000000d5800000,0x00000000d5800000,0x00000000d5880000)
 ParOldGen       total 399360K, used 398885K [0x0000000080000000, 0x0000000098600000, 0x00000000d5580000)
  object space 399360K, 99% used [0x0000000080000000,0x00000000985897e8,0x0000000098600000)
 Metaspace       used 62533K, committed 64064K, reserved 1114112K
  class space    used 6557K, committed 7168K, reserved 1048576K
}
Event: 52.176 GC heap after
{Heap after GC invocations=501 (full 3):
 PSYoungGen      total 2048K, used 219K [0x00000000d5580000, 0x00000000d5880000, 0x0000000100000000)
  eden space 1536K, 0% used [0x00000000d5580000,0x00000000d5580000,0x00000000d5700000)
  from space 512K, 42% used [0x00000000d5800000,0x00000000d5836c08,0x00000000d5880000)
  to   space 512K, 0% used [0x00000000d5700000,0x00000000d5700000,0x00000000d5780000)
 ParOldGen       total 399360K, used 399013K [0x0000000080000000, 0x0000000098600000, 0x00000000d5580000)
  object space 399360K, 99% used [0x0000000080000000,0x00000000985a97e8,0x0000000098600000)
 Metaspace       used 62533K, committed 64064K, reserved 1114112K
  class space    used 6557K, committed 7168K, reserved 1048576K
}

Dll operation events (10 events):
Event: 0.021 Loaded shared library c:\Users\AORUS\.vscode\extensions\redhat.java-1.53.0-win32-x64\jre\21.0.10-win32-x86_64\bin\java.dll
Event: 0.172 Loaded shared library c:\Users\AORUS\.vscode\extensions\redhat.java-1.53.0-win32-x64\jre\21.0.10-win32-x86_64\bin\zip.dll
Event: 0.310 Loaded shared library C:\Users\AORUS\.vscode\extensions\redhat.java-1.53.0-win32-x64\jre\21.0.10-win32-x86_64\bin\instrument.dll
Event: 0.319 Loaded shared library C:\Users\AORUS\.vscode\extensions\redhat.java-1.53.0-win32-x64\jre\21.0.10-win32-x86_64\bin\net.dll
Event: 0.327 Loaded shared library C:\Users\AORUS\.vscode\extensions\redhat.java-1.53.0-win32-x64\jre\21.0.10-win32-x86_64\bin\nio.dll
Event: 0.333 Loaded shared library C:\Users\AORUS\.vscode\extensions\redhat.java-1.53.0-win32-x64\jre\21.0.10-win32-x86_64\bin\zip.dll
Event: 0.438 Loaded shared library C:\Users\AORUS\.vscode\extensions\redhat.java-1.53.0-win32-x64\jre\21.0.10-win32-x86_64\bin\jimage.dll
Event: 0.607 Loaded shared library c:\Users\AORUS\.vscode\extensions\redhat.java-1.53.0-win32-x64\jre\21.0.10-win32-x86_64\bin\verify.dll
Event: 3.587 Loaded shared library C:\Users\AORUS\AppData\Roaming\Code\User\globalStorage\redhat.java\1.53.0\config_win\org.eclipse.equinox.launcher\org.eclipse.equinox.launcher.win32.win32.x86_64_1.3.0.v20260203-2149\eclipse_11919.dll
Event: 7.141 Loaded shared library C:\Users\AORUS\AppData\Local\Temp\jna-62463874\jna557130707692346227.dll

Deoptimization events (20 events):
Event: 51.250 Thread 0x000002204a495300 Uncommon trap: trap_request=0xffffff45 fr.pc=0x00000220784745bc relative=0x000000000000279c
Event: 51.250 Thread 0x000002204a495300 Uncommon trap: reason=unstable_if action=reinterpret pc=0x00000220784745bc method=org.eclipse.jdt.internal.compiler.classfmt.MethodInfo.createMethod([B[IIJ)Lorg/eclipse/jdt/internal/compiler/classfmt/MethodInfo; @ 357 c2
Event: 51.250 Thread 0x000002204a495300 DEOPT PACKING pc=0x00000220784745bc sp=0x000000ac68afed40
Event: 51.250 Thread 0x000002204a495300 DEOPT UNPACKING pc=0x0000022077773aa2 sp=0x000000ac68afecc0 mode 2
Event: 51.643 Thread 0x000002204a495300 Uncommon trap: trap_request=0xffffff45 fr.pc=0x00000220782cac00 relative=0x0000000000007ca0
Event: 51.643 Thread 0x000002204a495300 Uncommon trap: reason=unstable_if action=reinterpret pc=0x00000220782cac00 method=org.eclipse.jdt.internal.compiler.classfmt.ClassFileReader.<init>([B[CZ)V @ 1364 c2
Event: 51.643 Thread 0x000002204a495300 DEOPT PACKING pc=0x00000220782cac00 sp=0x000000ac68afee00
Event: 51.643 Thread 0x000002204a495300 DEOPT UNPACKING pc=0x0000022077773aa2 sp=0x000000ac68afedd0 mode 2
Event: 51.644 Thread 0x000002204a495300 Uncommon trap: trap_request=0xffffff45 fr.pc=0x000002207809d208 relative=0x00000000000044e8
Event: 51.644 Thread 0x000002204a495300 Uncommon trap: reason=unstable_if action=reinterpret pc=0x000002207809d208 method=org.eclipse.jdt.internal.compiler.classfmt.ClassFileReader.<init>([B[CZ)V @ 1364 c2
Event: 51.644 Thread 0x000002204a495300 DEOPT PACKING pc=0x000002207809d208 sp=0x000000ac68afee20
Event: 51.644 Thread 0x000002204a495300 DEOPT UNPACKING pc=0x0000022077773aa2 sp=0x000000ac68afedd0 mode 2
Event: 51.692 Thread 0x000002204a495300 Uncommon trap: trap_request=0xffffff45 fr.pc=0x0000022078482a50 relative=0x0000000000001f70
Event: 51.692 Thread 0x000002204a495300 Uncommon trap: reason=unstable_if action=reinterpret pc=0x0000022078482a50 method=org.eclipse.jdt.internal.compiler.parser.Scanner.internalScanIdentifierOrKeyword(II[C)Lorg/eclipse/jdt/internal/compiler/parser/TerminalToken; @ 117 c2
Event: 51.692 Thread 0x000002204a495300 DEOPT PACKING pc=0x0000022078482a50 sp=0x000000ac68aff1a0
Event: 51.692 Thread 0x000002204a495300 DEOPT UNPACKING pc=0x0000022077773aa2 sp=0x000000ac68aff138 mode 2
Event: 51.835 Thread 0x000002204a495300 Uncommon trap: trap_request=0xffffff45 fr.pc=0x000002207840fa48 relative=0x0000000000000128
Event: 51.835 Thread 0x000002204a495300 Uncommon trap: reason=unstable_if action=reinterpret pc=0x000002207840fa48 method=org.eclipse.jdt.internal.core.index.DiskIndex.writeStreamInt(Ljava/io/OutputStream;I)V @ 9 c2
Event: 51.835 Thread 0x000002204a495300 DEOPT PACKING pc=0x000002207840fa48 sp=0x000000ac68afeeb0
Event: 51.835 Thread 0x000002204a495300 DEOPT UNPACKING pc=0x0000022077773aa2 sp=0x000000ac68afee58 mode 2

Classes loaded (20 events):
Event: 31.687 Loading class sun/nio/fs/Globs
Event: 31.688 Loading class sun/nio/fs/Globs done
Event: 31.688 Loading class java/util/regex/Pattern$SliceU
Event: 31.688 Loading class java/util/regex/Pattern$SliceU done
Event: 31.688 Loading class sun/nio/fs/WindowsFileSystem$2
Event: 31.689 Loading class java/nio/file/PathMatcher
Event: 31.689 Loading class java/nio/file/PathMatcher done
Event: 31.689 Loading class sun/nio/fs/WindowsFileSystem$2 done
Event: 31.979 Loading class java/util/Collections$SynchronizedRandomAccessList
Event: 31.980 Loading class java/util/Collections$SynchronizedList
Event: 31.980 Loading class java/util/Collections$SynchronizedList done
Event: 31.980 Loading class java/util/Collections$SynchronizedRandomAccessList done
Event: 32.082 Loading class java/util/concurrent/CompletableFuture$Signaller
Event: 32.083 Loading class java/util/concurrent/CompletableFuture$Signaller done
Event: 33.615 Loading class sun/nio/cs/ISO_8859_1$Encoder
Event: 33.615 Loading class sun/nio/cs/ISO_8859_1$Encoder done
Event: 33.615 Loading class sun/nio/cs/Surrogate$Parser
Event: 33.615 Loading class sun/nio/cs/Surrogate$Parser done
Event: 33.615 Loading class sun/nio/cs/Surrogate
Event: 33.616 Loading class sun/nio/cs/Surrogate done

Classes unloaded (7 events):
Event: 8.332 Thread 0x000002206cedf6a0 Unloading class 0x00000220051ad000 'java/lang/invoke/LambdaForm$MH+0x00000220051ad000'
Event: 8.332 Thread 0x000002206cedf6a0 Unloading class 0x00000220051acc00 'java/lang/invoke/LambdaForm$MH+0x00000220051acc00'
Event: 8.332 Thread 0x000002206cedf6a0 Unloading class 0x00000220051ac800 'java/lang/invoke/LambdaForm$MH+0x00000220051ac800'
Event: 8.332 Thread 0x000002206cedf6a0 Unloading class 0x00000220051ac400 'java/lang/invoke/LambdaForm$MH+0x00000220051ac400'
Event: 8.332 Thread 0x000002206cedf6a0 Unloading class 0x00000220051ac000 'java/lang/invoke/LambdaForm$BMH+0x00000220051ac000'
Event: 8.332 Thread 0x000002206cedf6a0 Unloading class 0x00000220051abc00 'java/lang/invoke/LambdaForm$DMH+0x00000220051abc00'
Event: 8.332 Thread 0x000002206cedf6a0 Unloading class 0x00000220051aa800 'java/lang/invoke/LambdaForm$DMH+0x00000220051aa800'

Classes redefined (0 events):
No events

Internal exceptions (20 events):
Event: 31.898 Thread 0x000002204a496020 Exception <a 'sun/nio/fs/WindowsException'{0x00000000d5a37970}> (0x00000000d5a37970) 
thrown [s\src\hotspot\share\prims\jni.cpp, line 520]
Event: 31.898 Thread 0x000002204a496020 Exception <a 'sun/nio/fs/WindowsException'{0x00000000d5a38050}> (0x00000000d5a38050) 
thrown [s\src\hotspot\share\prims\jni.cpp, line 520]
Event: 31.898 Thread 0x000002204a496020 Exception <a 'sun/nio/fs/WindowsException'{0x00000000d5a38748}> (0x00000000d5a38748) 
thrown [s\src\hotspot\share\prims\jni.cpp, line 520]
Event: 31.900 Thread 0x000002204a496020 Exception <a 'sun/nio/fs/WindowsException'{0x00000000d5a3bb78}> (0x00000000d5a3bb78) 
thrown [s\src\hotspot\share\prims\jni.cpp, line 520]
Event: 31.900 Thread 0x000002204a496020 Exception <a 'sun/nio/fs/WindowsException'{0x00000000d5a3c1e0}> (0x00000000d5a3c1e0) 
thrown [s\src\hotspot\share\prims\jni.cpp, line 520]
Event: 31.900 Thread 0x000002204a496020 Exception <a 'sun/nio/fs/WindowsException'{0x00000000d5a3c858}> (0x00000000d5a3c858) 
thrown [s\src\hotspot\share\prims\jni.cpp, line 520]
Event: 31.900 Thread 0x000002204a496020 Exception <a 'sun/nio/fs/WindowsException'{0x00000000d5a3cee0}> (0x00000000d5a3cee0) 
thrown [s\src\hotspot\share\prims\jni.cpp, line 520]
Event: 31.988 Thread 0x00000220457a3250 Exception <a 'java/lang/IncompatibleClassChangeError'{0x00000000d572d568}: Found class java.lang.Object, but interface was expected> (0x00000000d572d568) 
thrown [s\src\hotspot\share\interpreter\linkResolver.cpp, line 840]
Event: 48.203 Thread 0x000002204a495300 Exception <a 'sun/nio/fs/WindowsException'{0x00000000d5585478}> (0x00000000d5585478) 
thrown [s\src\hotspot\share\prims\jni.cpp, line 520]
Event: 48.262 Thread 0x000002204a495300 Exception <a 'sun/nio/fs/WindowsException'{0x00000000d55d0880}> (0x00000000d55d0880) 
thrown [s\src\hotspot\share\prims\jni.cpp, line 520]
Event: 48.291 Thread 0x000002204a495300 Exception <a 'sun/nio/fs/WindowsException'{0x00000000d55e7328}> (0x00000000d55e7328) 
thrown [s\src\hotspot\share\prims\jni.cpp, line 520]
Event: 48.316 Thread 0x000002204a495300 Exception <a 'sun/nio/fs/WindowsException'{0x00000000d55fcac0}> (0x00000000d55fcac0) 
thrown [s\src\hotspot\share\prims\jni.cpp, line 520]
Event: 49.223 Thread 0x000002204a495300 Exception <a 'sun/nio/fs/WindowsException'{0x00000000d5654d60}> (0x00000000d5654d60) 
thrown [s\src\hotspot\share\prims\jni.cpp, line 520]
Event: 49.957 Thread 0x000002204a495300 Exception <a 'sun/nio/fs/WindowsException'{0x00000000d55bb890}> (0x00000000d55bb890) 
thrown [s\src\hotspot\share\prims\jni.cpp, line 520]
Event: 50.056 Thread 0x000002204a495300 Exception <a 'sun/nio/fs/WindowsException'{0x00000000d5667e90}> (0x00000000d5667e90) 
thrown [s\src\hotspot\share\prims\jni.cpp, line 520]
Event: 50.468 Thread 0x000002204a495300 Exception <a 'sun/nio/fs/WindowsException'{0x00000000d5644d60}> (0x00000000d5644d60) 
thrown [s\src\hotspot\share\prims\jni.cpp, line 520]
Event: 50.502 Thread 0x000002204a495300 Exception <a 'sun/nio/fs/WindowsException'{0x00000000d566f970}> (0x00000000d566f970) 
thrown [s\src\hotspot\share\prims\jni.cpp, line 520]
Event: 50.669 Thread 0x000002204a495300 Exception <a 'sun/nio/fs/WindowsException'{0x00000000d5610e98}> (0x00000000d5610e98) 
thrown [s\src\hotspot\share\prims\jni.cpp, line 520]
Event: 51.855 Thread 0x000002204a495300 Exception <a 'sun/nio/fs/WindowsException'{0x00000000d55981d8}> (0x00000000d55981d8) 
thrown [s\src\hotspot\share\prims\jni.cpp, line 520]
Event: 51.984 Thread 0x000002204a495300 Exception <a 'sun/nio/fs/WindowsException'{0x00000000d5671848}> (0x00000000d5671848) 
thrown [s\src\hotspot\share\prims\jni.cpp, line 520]

ZGC Phase Switch (0 events):
No events

VM Operations (20 events):
Event: 51.659 Executing safepoint VM operation: ParallelGCFailedAllocation (Allocation Failure)
Event: 51.662 Executing safepoint VM operation: ParallelGCFailedAllocation (Allocation Failure) done
Event: 51.675 Executing safepoint VM operation: ParallelGCFailedAllocation (Allocation Failure)
Event: 51.678 Executing safepoint VM operation: ParallelGCFailedAllocation (Allocation Failure) done
Event: 51.694 Executing safepoint VM operation: ParallelGCFailedAllocation (Allocation Failure)
Event: 51.696 Executing safepoint VM operation: ParallelGCFailedAllocation (Allocation Failure) done
Event: 51.732 Executing safepoint VM operation: ParallelGCFailedAllocation (Allocation Failure)
Event: 51.734 Executing safepoint VM operation: ParallelGCFailedAllocation (Allocation Failure) done
Event: 51.763 Executing safepoint VM operation: ParallelGCFailedAllocation (Allocation Failure)
Event: 51.767 Executing safepoint VM operation: ParallelGCFailedAllocation (Allocation Failure) done
Event: 51.822 Executing safepoint VM operation: ParallelGCFailedAllocation (Allocation Failure)
Event: 51.827 Executing safepoint VM operation: ParallelGCFailedAllocation (Allocation Failure) done
Event: 52.069 Executing safepoint VM operation: ParallelGCFailedAllocation (Allocation Failure)
Event: 52.073 Executing safepoint VM operation: ParallelGCFailedAllocation (Allocation Failure) done
Event: 52.101 Executing safepoint VM operation: ParallelGCFailedAllocation (Allocation Failure)
Event: 52.105 Executing safepoint VM operation: ParallelGCFailedAllocation (Allocation Failure) done
Event: 52.145 Executing safepoint VM operation: ParallelGCFailedAllocation (Allocation Failure)
Event: 52.147 Executing safepoint VM operation: ParallelGCFailedAllocation (Allocation Failure) done
Event: 52.174 Executing safepoint VM operation: ParallelGCFailedAllocation (Allocation Failure)
Event: 52.177 Executing safepoint VM operation: ParallelGCFailedAllocation (Allocation Failure) done

Memory protections (0 events):
No events

Nmethod flushes (20 events):
Event: 25.523 Thread 0x000002206cedf6a0 flushing  nmethod 0x0000022070bf1110
Event: 25.523 Thread 0x000002206cedf6a0 flushing  nmethod 0x0000022070bf1710
Event: 25.523 Thread 0x000002206cedf6a0 flushing  nmethod 0x0000022070bf1d10
Event: 25.523 Thread 0x000002206cedf6a0 flushing  nmethod 0x0000022070bf9110
Event: 25.523 Thread 0x000002206cedf6a0 flushing  nmethod 0x0000022070bfdb90
Event: 25.523 Thread 0x000002206cedf6a0 flushing  nmethod 0x0000022070c11c90
Event: 25.523 Thread 0x000002206cedf6a0 flushing  nmethod 0x0000022070c12210
Event: 25.523 Thread 0x000002206cedf6a0 flushing  nmethod 0x0000022070c13410
Event: 25.523 Thread 0x000002206cedf6a0 flushing  nmethod 0x0000022070c13990
Event: 25.523 Thread 0x000002206cedf6a0 flushing  nmethod 0x0000022070c13e10
Event: 25.523 Thread 0x000002206cedf6a0 flushing  nmethod 0x0000022070c14190
Event: 25.523 Thread 0x000002206cedf6a0 flushing  nmethod 0x0000022070c14a10
Event: 25.523 Thread 0x000002206cedf6a0 flushing  nmethod 0x0000022070c15010
Event: 25.523 Thread 0x000002206cedf6a0 flushing  nmethod 0x0000022070c16710
Event: 25.523 Thread 0x000002206cedf6a0 flushing  nmethod 0x0000022070c17810
Event: 25.523 Thread 0x000002206cedf6a0 flushing  nmethod 0x0000022070c18010
Event: 25.523 Thread 0x000002206cedf6a0 flushing  nmethod 0x0000022070c18890
Event: 25.523 Thread 0x000002206cedf6a0 flushing  nmethod 0x0000022070c1c810
Event: 25.523 Thread 0x000002206cedf6a0 flushing  nmethod 0x0000022070c28190
Event: 25.523 Thread 0x000002206cedf6a0 flushing  nmethod 0x0000022070c9ef90

Events (20 events):
Event: 30.140 Thread 0x0000022056ed5720 Thread exited: 0x0000022056ed5720
Event: 30.141 Thread 0x00000220457a9b50 Thread exited: 0x00000220457a9b50
Event: 30.789 Thread 0x000002204a496020 Thread added: 0x0000022056ed6440
Event: 30.790 Thread 0x000002204a496020 Thread added: 0x0000022056ed5db0
Event: 30.790 Thread 0x000002204a496020 Thread added: 0x0000022056ed5720
Event: 30.795 Thread 0x000002204a496020 Thread added: 0x0000022056ed5090
Event: 30.796 Thread 0x000002204a496020 Thread added: 0x0000022056ed6ad0
Event: 30.969 Thread 0x0000022056ed5090 Thread exited: 0x0000022056ed5090
Event: 30.969 Thread 0x0000022056ed5720 Thread exited: 0x0000022056ed5720
Event: 30.969 Thread 0x0000022056ed6440 Thread exited: 0x0000022056ed6440
Event: 30.969 Thread 0x0000022056ed5db0 Thread exited: 0x0000022056ed5db0
Event: 30.970 Thread 0x0000022056ed6ad0 Thread exited: 0x0000022056ed6ad0
Event: 34.475 Thread 0x000002204b0b0090 Thread exited: 0x000002204b0b0090
Event: 41.665 Thread 0x000002206cee8b60 Thread added: 0x000002204b4c2060
Event: 41.889 Thread 0x000002204b4c2060 Thread exited: 0x000002204b4c2060
Event: 42.845 Thread 0x000002206cf56ba0 Thread added: 0x000002204b4c4940
Event: 46.415 Thread 0x000002204b4c4940 Thread exited: 0x000002204b4c4940
Event: 48.360 Thread 0x000002206cf56ba0 Thread added: 0x000002204b4c5010
Event: 50.638 Thread 0x000002204b4c5010 Thread exited: 0x000002204b4c5010
Event: 51.837 Thread 0x000002206cf56ba0 Thread added: 0x000002204b4c2060


Dynamic libraries:
0x00007ff795a90000 - 0x00007ff795a9e000 	c:\Users\AORUS\.vscode\extensions\redhat.java-1.53.0-win32-x64\jre\21.0.10-win32-x86_64\bin\java.exe
0x00007ffeb04a0000 - 0x00007ffeb0707000 	C:\WINDOWS\SYSTEM32\ntdll.dll
0x00007ffeaef00000 - 0x00007ffeaefc9000 	C:\WINDOWS\System32\KERNEL32.DLL
0x00007ffead3b0000 - 0x00007ffead7a1000 	C:\WINDOWS\System32\KERNELBASE.dll
0x00007ffeacd80000 - 0x00007ffeacecb000 	C:\WINDOWS\System32\ucrtbase.dll
0x00007ffe975c0000 - 0x00007ffe975d8000 	c:\Users\AORUS\.vscode\extensions\redhat.java-1.53.0-win32-x64\jre\21.0.10-win32-x86_64\bin\jli.dll
0x00007ffeb0180000 - 0x00007ffeb0345000 	C:\WINDOWS\System32\USER32.dll
0x00007ffe97460000 - 0x00007ffe9747e000 	c:\Users\AORUS\.vscode\extensions\redhat.java-1.53.0-win32-x64\jre\21.0.10-win32-x86_64\bin\VCRUNTIME140.dll
0x00007ffeae0d0000 - 0x00007ffeae0f7000 	C:\WINDOWS\System32\win32u.dll
0x00007ffeafb90000 - 0x00007ffeafbbb000 	C:\WINDOWS\System32\GDI32.dll
0x00007ffead110000 - 0x00007ffead23b000 	C:\WINDOWS\System32\gdi32full.dll
0x00007ffe9b880000 - 0x00007ffe9bb13000 	C:\WINDOWS\WinSxS\amd64_microsoft.windows.common-controls_6595b64144ccf1df_6.0.26100.8037_none_3e092faae333b53b\COMCTL32.dll
0x00007ffeae100000 - 0x00007ffeae1a3000 	C:\WINDOWS\System32\msvcp_win.dll
0x00007ffeaf6b0000 - 0x00007ffeaf759000 	C:\WINDOWS\System32\msvcrt.dll
0x00007ffeafb50000 - 0x00007ffeafb81000 	C:\WINDOWS\System32\IMM32.DLL
0x00007ffea1650000 - 0x00007ffea165c000 	c:\Users\AORUS\.vscode\extensions\redhat.java-1.53.0-win32-x64\jre\21.0.10-win32-x86_64\bin\vcruntime140_1.dll
0x00007ffe404b0000 - 0x00007ffe4053d000 	c:\Users\AORUS\.vscode\extensions\redhat.java-1.53.0-win32-x64\jre\21.0.10-win32-x86_64\bin\msvcp140.dll
0x00007ffe22d90000 - 0x00007ffe23b31000 	c:\Users\AORUS\.vscode\extensions\redhat.java-1.53.0-win32-x64\jre\21.0.10-win32-x86_64\bin\server\jvm.dll
0x00007ffeaee40000 - 0x00007ffeaeefb000 	C:\WINDOWS\System32\ADVAPI32.dll
0x00007ffeaf110000 - 0x00007ffeaf1b7000 	C:\WINDOWS\System32\sechost.dll
0x00007ffeaf950000 - 0x00007ffeafa68000 	C:\WINDOWS\System32\RPCRT4.dll
0x00007ffeaf090000 - 0x00007ffeaf104000 	C:\WINDOWS\System32\WS2_32.dll
0x00007ffeacc00000 - 0x00007ffeacc5e000 	C:\WINDOWS\SYSTEM32\POWRPROF.dll
0x00007ffea64c0000 - 0x00007ffea64cb000 	C:\WINDOWS\SYSTEM32\VERSION.dll
0x00007ffe9b030000 - 0x00007ffe9b065000 	C:\WINDOWS\SYSTEM32\WINMM.dll
0x00007ffeacbe0000 - 0x00007ffeacbf4000 	C:\WINDOWS\SYSTEM32\UMPDC.dll
0x00007ffeabad0000 - 0x00007ffeabaeb000 	C:\WINDOWS\SYSTEM32\kernel.appcore.dll
0x00007ffe9f630000 - 0x00007ffe9f63a000 	c:\Users\AORUS\.vscode\extensions\redhat.java-1.53.0-win32-x64\jre\21.0.10-win32-x86_64\bin\jimage.dll
0x00007ffe9b240000 - 0x00007ffe9b482000 	C:\WINDOWS\SYSTEM32\DBGHELP.DLL
0x00007ffeaf220000 - 0x00007ffeaf5a2000 	C:\WINDOWS\System32\combase.dll
0x00007ffeafa70000 - 0x00007ffeafb47000 	C:\WINDOWS\System32\OLEAUT32.dll
0x00007ffe75de0000 - 0x00007ffe75e1b000 	C:\WINDOWS\SYSTEM32\dbgcore.DLL
0x00007ffeae020000 - 0x00007ffeae0c5000 	C:\WINDOWS\System32\bcryptPrimitives.dll
0x00007ffe98390000 - 0x00007ffe9839f000 	c:\Users\AORUS\.vscode\extensions\redhat.java-1.53.0-win32-x64\jre\21.0.10-win32-x86_64\bin\instrument.dll
0x00007ffe8c7e0000 - 0x00007ffe8c800000 	c:\Users\AORUS\.vscode\extensions\redhat.java-1.53.0-win32-x64\jre\21.0.10-win32-x86_64\bin\java.dll
0x00007ffeae240000 - 0x00007ffeae99f000 	C:\WINDOWS\System32\SHELL32.dll
0x00007ffead240000 - 0x00007ffead3aa000 	C:\WINDOWS\System32\wintypes.dll
0x00007ffead7b0000 - 0x00007ffeae014000 	C:\WINDOWS\System32\windows.storage.dll
0x00007ffeaf7e0000 - 0x00007ffeaf8d7000 	C:\WINDOWS\System32\SHCORE.dll
0x00007ffeaf5c0000 - 0x00007ffeaf627000 	C:\WINDOWS\System32\shlwapi.dll
0x00007ffeacca0000 - 0x00007ffeaccc9000 	C:\WINDOWS\SYSTEM32\profapi.dll
0x00007ffe88bb0000 - 0x00007ffe88bc8000 	c:\Users\AORUS\.vscode\extensions\redhat.java-1.53.0-win32-x64\jre\21.0.10-win32-x86_64\bin\zip.dll
0x00007ffe98380000 - 0x00007ffe98390000 	C:\Users\AORUS\.vscode\extensions\redhat.java-1.53.0-win32-x64\jre\21.0.10-win32-x86_64\bin\net.dll
0x00007ffea1d00000 - 0x00007ffea1e27000 	C:\WINDOWS\SYSTEM32\WINHTTP.dll
0x00007ffeac020000 - 0x00007ffeac08b000 	C:\WINDOWS\system32\mswsock.dll
0x00007ffe841b0000 - 0x00007ffe841c6000 	C:\Users\AORUS\.vscode\extensions\redhat.java-1.53.0-win32-x64\jre\21.0.10-win32-x86_64\bin\nio.dll
0x00007ffe97440000 - 0x00007ffe97450000 	c:\Users\AORUS\.vscode\extensions\redhat.java-1.53.0-win32-x64\jre\21.0.10-win32-x86_64\bin\verify.dll
0x00007ffe68c40000 - 0x00007ffe68c85000 	C:\Users\AORUS\AppData\Roaming\Code\User\globalStorage\redhat.java\1.53.0\config_win\org.eclipse.equinox.launcher\org.eclipse.equinox.launcher.win32.win32.x86_64_1.3.0.v20260203-2149\eclipse_11919.dll
0x00007ffeafc80000 - 0x00007ffeafe15000 	C:\WINDOWS\System32\ole32.dll
0x00007ffeac420000 - 0x00007ffeac43b000 	C:\WINDOWS\SYSTEM32\CRYPTSP.dll
0x00007ffeaba30000 - 0x00007ffeaba69000 	C:\WINDOWS\system32\rsaenh.dll
0x00007ffeac0d0000 - 0x00007ffeac102000 	C:\WINDOWS\SYSTEM32\USERENV.dll
0x00007ffeacc70000 - 0x00007ffeacc9a000 	C:\WINDOWS\SYSTEM32\bcrypt.dll
0x00007ffeac280000 - 0x00007ffeac28c000 	C:\WINDOWS\SYSTEM32\CRYPTBASE.dll
0x00007ffeab4c0000 - 0x00007ffeab4f3000 	C:\WINDOWS\SYSTEM32\IPHLPAPI.DLL
0x00007ffeaf940000 - 0x00007ffeaf94a000 	C:\WINDOWS\System32\NSI.dll
0x00007ffe6a140000 - 0x00007ffe6a189000 	C:\Users\AORUS\AppData\Local\Temp\jna-62463874\jna557130707692346227.dll
0x00007ffeaf8e0000 - 0x00007ffeaf8e8000 	C:\WINDOWS\System32\PSAPI.DLL
0x00007ffea5890000 - 0x00007ffea58ad000 	C:\WINDOWS\SYSTEM32\dhcpcsvc6.DLL
0x00007ffea57e0000 - 0x00007ffea5803000 	C:\WINDOWS\SYSTEM32\dhcpcsvc.DLL
0x00007ffeabbf0000 - 0x00007ffeabc26000 	C:\WINDOWS\SYSTEM32\ntmarta.dll

JVMTI agents:
c:\Users\AORUS\.vscode\extensions\redhat.java-1.53.0-win32-x64\lombok\lombok-1.18.39-4050.jar path:c:\Users\AORUS\.vscode\extensions\redhat.java-1.53.0-win32-x64\jre\21.0.10-win32-x86_64\bin\instrument.dll, loaded, initialized, instrumentlib options:none

dbghelp: loaded successfully - version: 4.0.5 - missing functions: none
symbol engine: initialized successfully - sym options: 0x614 - pdb path: .;c:\Users\AORUS\.vscode\extensions\redhat.java-1.53.0-win32-x64\jre\21.0.10-win32-x86_64\bin;C:\WINDOWS\SYSTEM32;C:\WINDOWS\WinSxS\amd64_microsoft.windows.common-controls_6595b64144ccf1df_6.0.26100.8037_none_3e092faae333b53b;c:\Users\AORUS\.vscode\extensions\redhat.java-1.53.0-win32-x64\jre\21.0.10-win32-x86_64\bin\server;C:\Users\AORUS\AppData\Roaming\Code\User\globalStorage\redhat.java\1.53.0\config_win\org.eclipse.equinox.launcher\org.eclipse.equinox.launcher.win32.win32.x86_64_1.3.0.v20260203-2149;C:\Users\AORUS\AppData\Local\Temp\jna-62463874

VM Arguments:
jvm_args: --add-modules=ALL-SYSTEM --add-opens=java.base/java.util=ALL-UNNAMED --add-opens=java.base/java.lang=ALL-UNNAMED --add-opens=java.base/sun.nio.fs=ALL-UNNAMED -Declipse.application=org.eclipse.jdt.ls.core.id1 -Dosgi.bundles.defaultStartLevel=4 -Declipse.product=org.eclipse.jdt.ls.core.product -Djava.import.generatesMetadataFilesAtProjectRoot=false -DDetectVMInstallationsJob.disabled=true -Dfile.encoding=utf8 -XX:+UseParallelGC -XX:GCTimeRatio=4 -XX:AdaptiveSizePolicyWeight=90 -Dsun.zip.disableMemoryMapping=true -Xmx2G -Xms100m -Xlog:disable -javaagent:c:\Users\AORUS\.vscode\extensions\redhat.java-1.53.0-win32-x64\lombok\lombok-1.18.39-4050.jar -XX:+HeapDumpOnOutOfMemoryError -XX:HeapDumpPath=c:\Users\AORUS\AppData\Roaming\Code\User\workspaceStorage\25615c588b25ddd3c41bca7e527f8edc\redhat.java -Daether.dependencyCollector.impl=bf 
java_command: c:\Users\AORUS\.vscode\extensions\redhat.java-1.53.0-win32-x64\server\plugins\org.eclipse.equinox.launcher_1.7.100.v20251111-0406.jar -configuration c:\Users\AORUS\AppData\Roaming\Code\User\globalStorage\redhat.java\1.53.0\config_win -data c:\Users\AORUS\AppData\Roaming\Code\User\workspaceStorage\25615c588b25ddd3c41bca7e527f8edc\redhat.java\jdt_ws --pipe=\\.\pipe\lsp-96e604f70200cd8348c046932d5ab5cd-sock
java_class_path (initial): c:\Users\AORUS\.vscode\extensions\redhat.java-1.53.0-win32-x64\server\plugins\org.eclipse.equinox.launcher_1.7.100.v20251111-0406.jar
Launcher Type: SUN_STANDARD

[Global flags]
    uintx AdaptiveSizePolicyWeight                 = 90                                        {product} {command line}
     intx CICompilerCount                          = 3                                         {product} {ergonomic}
    uintx GCTimeRatio                              = 4                                         {product} {command line}
     bool HeapDumpOnOutOfMemoryError               = true                                   {manageable} {command line}
    ccstr HeapDumpPath                             = c:\Users\AORUS\AppData\Roaming\Code\User\workspaceStorage\25615c588b25ddd3c41bca7e527f8edc\redhat.java         {manageable} {command line}
   size_t InitialHeapSize                          = 104857600                                 {product} {command line}
   size_t MaxHeapSize                              = 2147483648                                {product} {command line}
   size_t MaxNewSize                               = 715653120                                 {product} {ergonomic}
   size_t MinHeapDeltaBytes                        = 524288                                    {product} {ergonomic}
   size_t MinHeapSize                              = 104857600                                 {product} {command line}
   size_t NewSize                                  = 34603008                                  {product} {ergonomic}
    uintx NonNMethodCodeHeapSize                   = 5832780                                {pd product} {ergonomic}
    uintx NonProfiledCodeHeapSize                  = 122912730                              {pd product} {ergonomic}
   size_t OldSize                                  = 70254592                                  {product} {ergonomic}
    uintx ProfiledCodeHeapSize                     = 122912730                              {pd product} {ergonomic}
    uintx ReservedCodeCacheSize                    = 251658240                              {pd product} {ergonomic}
     bool SegmentedCodeCache                       = true                                      {product} {ergonomic}
   size_t SoftMaxHeapSize                          = 2147483648                             {manageable} {ergonomic}
     bool UseCompressedOops                        = true                           {product lp64_product} {ergonomic}
     bool UseLargePagesIndividualAllocation        = false                                  {pd product} {ergonomic}
     bool UseParallelGC                            = true                                      {product} {command line}

Logging:
Log output configuration:
 #0: stdout all=off uptime,level,tags foldmultilines=false
 #1: stderr all=off uptime,level,tags foldmultilines=false

Release file:
JAVA_VERSION="21.0.10" 
MODULES="java.base java.compiler java.datatransfer java.xml java.prefs java.desktop java.instrument java.logging java.management java.security.sasl java.naming java.rmi java.management.rmi java.net.http java.scripting java.security.jgss java.transaction.xa java.sql java.sql.rowset java.xml.crypto java.se java.smartcardio jdk.accessibility jdk.internal.jvmstat jdk.attach jdk.charsets jdk.internal.opt jdk.zipfs jdk.compiler jdk.crypto.ec jdk.crypto.cryptoki jdk.crypto.mscapi jdk.dynalink jdk.internal.ed jdk.editpad jdk.hotspot.agent jdk.httpserver jdk.internal.le jdk.internal.vm.ci jdk.internal.vm.compiler jdk.internal.vm.compiler.management jdk.jartool jdk.javadoc jdk.jcmd jdk.management jdk.management.agent jdk.jconsole jdk.jdeps jdk.jdwp.agent jdk.jdi jdk.jfr jdk.jshell jdk.jsobject jdk.jstatd jdk.localedata jdk.management.jfr jdk.naming.dns jdk.naming.rmi jdk.net jdk.nio.mapmode jdk.random jdk.sctp jdk.security.auth jdk.security.jgss jdk.unsupported jdk.unsupported.desktop jdk.xml.dom" 

Environment Variables:
JAVA_HOME=C:\Program Files\Java\jdk-24
PATH=C:\Users\AORUS\AppData\Local\Programs\Microsoft VS Code;C:\Program Files\Common Files\Oracle\Java\javapath;C:\Program Files (x86)\VMware\VMware Workstation\bin\;C:\WINDOWS\system32;C:\WINDOWS;C:\WINDOWS\System32\Wbem;C:\WINDOWS\System32\WindowsPowerShell\v1.0\;C:\WINDOWS\System32\OpenSSH\;C:\Program Files\nodejs\;C:\ProgramData\chocolatey\bin;C:\Program Files\Git\cmd;C:\Program Files\dotnet\;D:\application INFO\apache-maven-3.9.13\bin;C:\Users\AORUS\AppData\Local\Programs\Eclipse Adoptium\jdk-17.0.18.8-hotspot\bin;C:\Users\AORUS\AppData\Local\Microsoft\WindowsApps;C:\Users\AORUS\AppData\Local\Programs\Microsoft VS Code\bin;C:\Users\AORUS\AppData\Roaming\npm;C:\Program Files\JetBrains\IntelliJ IDEA Community Edition 2025.1.1.1\bin;;C:\Program Files\PostgreSQL\17\bin;C:\Users\AORUS\AppData\Local\Programs\Python\Python313\Scripts\;C:\Users\AORUS\AppData\Local\Programs\Python\Python313\;C:\Program Files\nodejs;C:\Users\AORUS\Downloads\apache-maven-3.9.11-bin\apache-maven-3.9.11\;C:\Program Files\PostgreSQL\18\bin;
USERNAME=AORUS
OS=Windows_NT
PROCESSOR_IDENTIFIER=Intel64 Family 6 Model 142 Stepping 9, GenuineIntel
TMP=C:\Users\AORUS\AppData\Local\Temp
TEMP=C:\Users\AORUS\AppData\Local\Temp




Periodic native trim disabled

---------------  S Y S T E M  ---------------

OS:
 Windows 11 , 64 bit Build 26100 (10.0.26100.7920)
OS uptime: 13 days 19:18 hours
Hyper-V role detected

CPU: total 4 (initial active 4) (2 cores per cpu, 2 threads per core) family 6 model 142 stepping 9 microcode 0xde, cx8, cmov, fxsr, ht, mmx, 3dnowpref, sse, sse2, sse3, ssse3, sse4.1, sse4.2, popcnt, lzcnt, tsc, tscinvbit, avx, avx2, aes, erms, clmul, bmi1, bmi2, adx, fma, vzeroupper, clflush, clflushopt, hv, rdtscp, f16c
Processor Information for processor 0
  Max Mhz: 2400, Current Mhz: 2400, Mhz Limit: 2400
Processor Information for processor 1
  Max Mhz: 2400, Current Mhz: 1500, Mhz Limit: 2400
Processor Information for processor 2
  Max Mhz: 2400, Current Mhz: 1500, Mhz Limit: 2400
Processor Information for processor 3
  Max Mhz: 2400, Current Mhz: 1500, Mhz Limit: 2400

Memory: 4k page, system-wide physical 8086M (749M free)
TotalPageFile size 12101M (AvailPageFile size 3M)
current process WorkingSet (physical memory assigned to process): 737M, peak: 737M
current process commit charge ("private bytes"): 671M, peak: 1646M

vm_info: OpenJDK 64-Bit Server VM (21.0.10+7-LTS) for windows-amd64 JRE (21.0.10+7-LTS), built on 2026-01-20T00:00:00Z by "admin" with MS VC++ 17.12 (VS2022)

END.
